2023-07-17 20:48:14.951834
.u0	ILOCK	0.000000 V 	0.000000 A
.u1	ILOCK	0.000000 V 	0.000000 A
.u2	OFF	0.000000 V 	0.000000 A
.u3	OFF	0.000000 V 	0.000000 A
.u100	OFF	0.000000 V 	0.000000 A
.u101	OFF	0.000000 V 	0.000000 A
.u102	OFF	0.000000 V 	0.000000 A
.u103	OFF	0.000000 V 	0.000000 A
.u104	OFF	0.000000 V 	0.000000 A
.u105	OFF	0.000000 V 	0.000000 A
.u106	OFF	0.000000 V 	0.000000 A
.u107	OFF	0.000000 V 	0.000000 A
.u200	OFF	0.000000 V 	0.000000 A
.u201	OFF	0.000000 V 	0.000000 A
.u202	OFF	0.000000 V 	0.000000 A
.u203	OFF	0.000000 V 	0.000000 A
.u204	OFF	0.000000 V 	0.000000 A
.u205	OFF	0.000000 V 	0.000000 A
.u206	OFF	0.000000 V 	0.000000 A
.u207	OFF	0.000000 V 	0.000000 A
2023-07-17 20:49:16.521441
.u0	ILOCK	0.000000 V 	0.000000 A
.u1	ILOCK	0.000000 V 	0.000000 A
.u2	OFF	0.000000 V 	0.000000 A
.u3	OFF	0.000000 V 	0.000000 A
.u100	OFF	0.000000 V 	0.000000 A
.u101	OFF	0.000000 V 	0.000000 A
.u102	OFF	0.000000 V 	0.000000 A
.u103	OFF	0.000000 V 	0.000000 A
.u104	OFF	0.000000 V 	0.000000 A
.u105	OFF	0.000000 V 	0.000000 A
.u106	OFF	0.000000 V 	0.000000 A
.u107	OFF	0.000000 V 	0.000000 A
.u200	OFF	0.000000 V 	0.000000 A
.u201	OFF	0.000000 V 	0.000000 A
.u202	OFF	0.000000 V 	0.000000 A
.u203	OFF	0.000000 V 	0.000000 A
.u204	OFF	0.000000 V 	0.000000 A
.u205	OFF	0.000000 V 	0.000000 A
.u206	OFF	0.000000 V 	0.000000 A
.u207	OFF	0.000000 V 	0.000000 A
2023-07-17 20:50:09.668853
.u0	ILOCK	0.000000 V 	0.000000 A
.u1	ILOCK	0.000000 V 	0.000000 A
.u2	OFF	0.000000 V 	0.000000 A
.u3	OFF	0.000000 V 	0.000000 A
.u100	OFF	0.000000 V 	0.000000 A
.u101	OFF	0.000000 V 	0.000000 A
.u102	OFF	0.000000 V 	0.000000 A
.u103	OFF	0.000000 V 	0.000000 A
.u104	OFF	0.000000 V 	0.000000 A
.u105	OFF	0.000000 V 	0.000000 A
.u106	OFF	0.000000 V 	0.000000 A
.u107	OFF	0.000000 V 	0.000000 A
.u200	OFF	0.000000 V 	0.000000 A
.u201	OFF	0.000000 V 	0.000000 A
.u202	OFF	0.000000 V 	0.000000 A
.u203	OFF	0.000000 V 	0.000000 A
.u204	OFF	0.000000 V 	0.000000 A
.u205	OFF	0.000000 V 	0.000000 A
.u206	OFF	0.000000 V 	0.000000 A
.u207	OFF	0.000000 V 	0.000000 A
2023-07-17 21:05:26.482505
.u0	ILOCK	0.000000 V 	0.000000 A
.u1	ILOCK	0.000000 V 	0.000000 A
.u2	OFF	0.000000 V 	0.000000 A
.u3	OFF	0.000000 V 	0.000000 A
.u100	OFF	0.000000 V 	0.000000 A
.u101	OFF	0.000000 V 	0.000000 A
.u102	OFF	0.000000 V 	0.000000 A
.u103	OFF	0.000000 V 	0.000000 A
.u104	OFF	0.000000 V 	0.000000 A
.u105	OFF	0.000000 V 	0.000000 A
.u106	OFF	0.000000 V 	0.000000 A
.u107	OFF	0.000000 V 	0.000000 A
.u200	OFF	0.000000 V 	0.000000 A
.u201	OFF	0.000000 V 	0.000000 A
.u202	OFF	0.000000 V 	0.000000 A
.u203	OFF	0.000000 V 	0.000000 A
.u204	OFF	0.000000 V 	0.000000 A
.u205	OFF	0.000000 V 	0.000000 A
.u206	OFF	0.000000 V 	0.000000 A
.u207	OFF	0.000000 V 	0.000000 A
2023-07-17 21:05:56.271471
.u0	ILOCK	0.000000 V 	0.000000 A
.u1	ILOCK	0.000000 V 	0.000000 A
.u2	OFF	0.000000 V 	0.000000 A
.u3	OFF	0.000000 V 	0.000000 A
.u100	OFF	0.000000 V 	0.000000 A
.u101	OFF	0.000000 V 	0.000000 A
.u102	OFF	0.000000 V 	0.000000 A
.u103	OFF	0.000000 V 	0.000000 A
.u104	OFF	0.000000 V 	0.000000 A
.u105	OFF	0.000000 V 	0.000000 A
.u106	OFF	0.000000 V 	0.000000 A
.u107	OFF	0.000000 V 	0.000000 A
.u200	OFF	0.000000 V 	0.000000 A
.u201	OFF	0.000000 V 	0.000000 A
.u202	OFF	0.000000 V 	0.000000 A
.u203	OFF	0.000000 V 	0.000000 A
.u204	OFF	0.000000 V 	0.000000 A
.u205	OFF	0.000000 V 	0.000000 A
.u206	OFF	0.000000 V 	0.000000 A
.u207	OFF	0.000000 V 	0.000000 A
2023-07-18 14:53:59.405237
.u0	['WIENER-CRATE-MIB::outputStatus.u0 = No Such Instance currently exists at this OID', '']	0.000000 V 	0.000000 A
.u1	ILOCK	0.000000 V 	0.000000 A
.u2	OFF	0.000000 V 	0.000000 A
.u3	OFF	0.000000 V 	0.000000 A
.u100	OFF	0.000000 V 	0.000000 A
.u101	OFF	0.000000 V 	0.000000 A
.u102	OFF	0.000000 V 	0.000000 A
.u103	OFF	0.000000 V 	0.000000 A
.u104	OFF	0.000000 V 	0.000000 A
.u105	OFF	0.000000 V 	0.000000 A
.u106	OFF	0.000000 V 	0.000000 A
.u107	OFF	0.000000 V 	0.000000 A
.u200	OFF	0.000000 V 	0.000000 A
.u201	OFF	0.000000 V 	0.000000 A
.u202	OFF	0.000000 V 	0.000000 A
.u203	OFF	0.000000 V 	0.000000 A
.u204	OFF	0.000000 V 	0.000000 A
.u205	OFF	0.000000 V 	0.000000 A
.u206	OFF	0.000000 V 	0.000000 A
.u207	OFF	0.000000 V 	0.000000 A
2023-07-18 14:54:15.944666
.u0	ILOCK	0.000000 V 	0.000000 A
.u1	ILOCK	0.000000 V 	0.000000 A
.u2	OFF	0.000000 V 	0.000000 A
.u3	OFF	0.000000 V 	0.000000 A
.u100	OFF	0.000000 V 	0.000000 A
.u101	OFF	0.000000 V 	0.000000 A
.u102	OFF	0.000000 V 	0.000000 A
.u103	OFF	0.000000 V 	0.000000 A
.u104	OFF	0.000000 V 	0.000000 A
.u105	OFF	0.000000 V 	0.000000 A
.u106	OFF	0.000000 V 	0.000000 A
.u107	OFF	0.000000 V 	0.000000 A
.u200	OFF	0.000000 V 	0.000000 A
.u201	OFF	0.000000 V 	0.000000 A
.u202	OFF	0.000000 V 	0.000000 A
.u203	OFF	0.000000 V 	0.000000 A
.u204	OFF	0.000000 V 	0.000000 A
.u205	OFF	0.000000 V 	0.000000 A
.u206	OFF	0.000000 V 	0.000000 A
.u207	OFF	0.000000 V 	0.000000 A
2023-07-18 14:58:17.880084
.u0	ILOCK	0.000000 V 	0.000000 A
.u1	ILOCK	0.000000 V 	0.000000 A
.u2	OFF	0.000000 V 	0.000000 A
.u3	OFF	0.000000 V 	0.000000 A
.u100	OFF	0.000000 V 	0.000000 A
.u101	OFF	0.000000 V 	0.000000 A
.u102	OFF	0.000000 V 	0.000000 A
.u103	OFF	0.000000 V 	0.000000 A
.u104	OFF	0.000000 V 	0.000000 A
.u105	OFF	0.000000 V 	0.000000 A
.u106	OFF	0.000000 V 	0.000000 A
.u107	OFF	0.000000 V 	0.000000 A
.u200	OFF	0.000000 V 	0.000000 A
.u201	OFF	0.000000 V 	0.000000 A
.u202	OFF	0.000000 V 	0.000000 A
.u203	OFF	0.000000 V 	0.000000 A
.u204	OFF	0.000000 V 	0.000000 A
.u205	OFF	0.000000 V 	0.000000 A
.u206	OFF	0.000000 V 	0.000000 A
.u207	OFF	0.000000 V 	0.000000 A
2023-07-18 14:58:33.781016
.u0	ILOCK	0.000000 V 	0.000000 A
.u1	ILOCK	0.000000 V 	0.000000 A
.u2	OFF	0.000000 V 	0.000000 A
.u3	OFF	0.000000 V 	0.000000 A
.u100	OFF	0.000000 V 	0.000000 A
.u101	OFF	0.000000 V 	0.000000 A
.u102	OFF	0.000000 V 	0.000000 A
.u103	OFF	0.000000 V 	0.000000 A
.u104	OFF	0.000000 V 	0.000000 A
.u105	OFF	0.000000 V 	0.000000 A
.u106	OFF	0.000000 V 	0.000000 A
.u107	OFF	0.000000 V 	0.000000 A
.u200	OFF	0.000000 V 	0.000000 A
.u201	OFF	0.000000 V 	0.000000 A
.u202	OFF	0.000000 V 	0.000000 A
.u203	OFF	0.000000 V 	0.000000 A
.u204	OFF	0.000000 V 	0.000000 A
.u205	OFF	0.000000 V 	0.000000 A
.u206	OFF	0.000000 V 	0.000000 A
.u207	OFF	0.000000 V 	0.000000 A
2023-07-18 15:01:32.262444
.u0	ILOCK	0.000000 V 	0.000000 A
.u1	ILOCK	0.000000 V 	0.000000 A
.u2	OFF	0.000000 V 	0.000000 A
.u3	OFF	0.000000 V 	0.000000 A
.u100	OFF	0.000000 V 	0.000000 A
.u101	OFF	0.000000 V 	0.000000 A
.u102	OFF	0.000000 V 	0.000000 A
.u103	OFF	0.000000 V 	0.000000 A
.u104	OFF	0.000000 V 	0.000000 A
.u105	OFF	0.000000 V 	0.000000 A
.u106	OFF	0.000000 V 	0.000000 A
.u107	OFF	0.000000 V 	0.000000 A
.u200	OFF	0.000000 V 	0.000000 A
.u201	OFF	0.000000 V 	0.000000 A
.u202	OFF	0.000000 V 	0.000000 A
.u203	OFF	0.000000 V 	0.000000 A
.u204	OFF	0.000000 V 	0.000000 A
.u205	OFF	0.000000 V 	0.000000 A
.u206	OFF	0.000000 V 	0.000000 A
.u207	OFF	0.000000 V 	0.000000 A
2023-07-18 15:01:47.493733
.u0	ILOCK	0.000000 V 	0.000000 A
.u1	ILOCK	0.000000 V 	0.000000 A
.u2	OFF	0.000000 V 	0.000000 A
.u3	OFF	0.000000 V 	0.000000 A
.u100	OFF	0.000000 V 	0.000000 A
.u101	OFF	0.000000 V 	0.000000 A
.u102	OFF	0.000000 V 	0.000000 A
.u103	OFF	0.000000 V 	0.000000 A
.u104	OFF	0.000000 V 	0.000000 A
.u105	OFF	0.000000 V 	0.000000 A
.u106	OFF	0.000000 V 	0.000000 A
.u107	OFF	0.000000 V 	0.000000 A
.u200	OFF	0.000000 V 	0.000000 A
.u201	OFF	0.000000 V 	0.000000 A
.u202	OFF	0.000000 V 	0.000000 A
.u203	OFF	0.000000 V 	0.000000 A
.u204	OFF	0.000000 V 	0.000000 A
.u205	OFF	0.000000 V 	0.000000 A
.u206	OFF	0.000000 V 	0.000000 A
.u207	OFF	0.000000 V 	0.000000 A
2023-07-18 15:02:21.476794
.u0	ILOCK	0.000000 V 	0.000000 A
.u1	ILOCK	0.000000 V 	0.000000 A
.u2	OFF	0.000000 V 	0.000000 A
.u3	OFF	0.000000 V 	0.000000 A
.u100	OFF	0.000000 V 	0.000000 A
.u101	OFF	0.000000 V 	0.000000 A
.u102	OFF	0.000000 V 	0.000000 A
.u103	OFF	0.000000 V 	0.000000 A
.u104	OFF	0.000000 V 	0.000000 A
.u105	OFF	0.000000 V 	0.000000 A
.u106	OFF	0.000000 V 	0.000000 A
.u107	OFF	0.000000 V 	0.000000 A
.u200	OFF	0.000000 V 	0.000000 A
.u201	OFF	0.000000 V 	0.000000 A
.u202	OFF	0.000000 V 	0.000000 A
.u203	OFF	0.000000 V 	0.000000 A
.u204	OFF	0.000000 V 	0.000000 A
.u205	OFF	0.000000 V 	0.000000 A
.u206	OFF	0.000000 V 	0.000000 A
.u207	OFF	0.000000 V 	0.000000 A
2023-07-18 15:02:34.168646
.u0	ILOCK	0.000000 V 	0.000000 A
.u1	ILOCK	0.000000 V 	0.000000 A
.u2	OFF	0.000000 V 	0.000000 A
.u3	OFF	0.000000 V 	0.000000 A
.u100	OFF	0.000000 V 	0.000000 A
.u101	OFF	0.000000 V 	0.000000 A
.u102	OFF	0.000000 V 	0.000000 A
.u103	OFF	0.000000 V 	0.000000 A
.u104	OFF	0.000000 V 	0.000000 A
.u105	OFF	0.000000 V 	0.000000 A
.u106	OFF	0.000000 V 	0.000000 A
.u107	OFF	0.000000 V 	0.000000 A
.u200	OFF	0.000000 V 	0.000000 A
.u201	OFF	0.000000 V 	0.000000 A
.u202	OFF	0.000000 V 	0.000000 A
.u203	OFF	0.000000 V 	0.000000 A
.u204	OFF	0.000000 V 	0.000000 A
.u205	OFF	0.000000 V 	0.000000 A
.u206	OFF	0.000000 V 	0.000000 A
.u207	OFF	0.000000 V 	0.000000 A
2023-07-18 15:03:33.939854
.u0	ILOCK	0.000000 V 	0.000000 A
.u1	ILOCK	0.000000 V 	0.000000 A
.u2	OFF	0.000000 V 	0.000000 A
.u3	OFF	0.000000 V 	0.000000 A
.u100	OFF	0.000000 V 	0.000000 A
.u101	OFF	0.000000 V 	0.000000 A
.u102	OFF	0.000000 V 	0.000000 A
.u103	OFF	0.000000 V 	0.000000 A
.u104	OFF	0.000000 V 	0.000000 A
.u105	OFF	0.000000 V 	0.000000 A
.u106	OFF	0.000000 V 	0.000000 A
.u107	OFF	0.000000 V 	0.000000 A
.u200	OFF	0.000000 V 	0.000000 A
.u201	OFF	0.000000 V 	0.000000 A
.u202	OFF	0.000000 V 	0.000000 A
.u203	OFF	0.000000 V 	0.000000 A
.u204	OFF	0.000000 V 	0.000000 A
.u205	OFF	0.000000 V 	0.000000 A
.u206	OFF	0.000000 V 	0.000000 A
.u207	OFF	0.000000 V 	0.000000 A
2023-07-18 15:03:46.891696
.u0	ILOCK	0.000000 V 	0.000000 A
.u1	ILOCK	0.000000 V 	0.000000 A
.u2	OFF	0.000000 V 	0.000000 A
.u3	OFF	0.000000 V 	0.000000 A
.u100	OFF	0.000000 V 	0.000000 A
.u101	OFF	0.000000 V 	0.000000 A
.u102	OFF	0.000000 V 	0.000000 A
.u103	OFF	0.000000 V 	0.000000 A
.u104	OFF	0.000000 V 	0.000000 A
.u105	OFF	0.000000 V 	0.000000 A
.u106	OFF	0.000000 V 	0.000000 A
.u107	OFF	0.000000 V 	0.000000 A
.u200	OFF	0.000000 V 	0.000000 A
.u201	OFF	0.000000 V 	0.000000 A
.u202	OFF	0.000000 V 	0.000000 A
.u203	OFF	0.000000 V 	0.000000 A
.u204	OFF	0.000000 V 	0.000000 A
.u205	OFF	0.000000 V 	0.000000 A
.u206	OFF	0.000000 V 	0.000000 A
.u207	OFF	0.000000 V 	0.000000 A
2023-07-18 15:04:38.360555
.u0	ILOCK	0.000000 V 	0.000000 A
.u1	ILOCK	0.000000 V 	0.000000 A
.u2	OFF	0.000000 V 	0.000000 A
.u3	OFF	0.000000 V 	0.000000 A
.u100	OFF	0.000000 V 	0.000000 A
.u101	OFF	0.000000 V 	0.000000 A
.u102	OFF	0.000000 V 	0.000000 A
.u103	OFF	0.000000 V 	0.000000 A
.u104	OFF	0.000000 V 	0.000000 A
.u105	OFF	0.000000 V 	0.000000 A
.u106	OFF	0.000000 V 	0.000000 A
.u107	OFF	0.000000 V 	0.000000 A
.u200	OFF	0.000000 V 	0.000000 A
.u201	OFF	0.000000 V 	0.000000 A
.u202	OFF	0.000000 V 	0.000000 A
.u203	OFF	0.000000 V 	0.000000 A
.u204	OFF	0.000000 V 	0.000000 A
.u205	OFF	0.000000 V 	0.000000 A
.u206	OFF	0.000000 V 	0.000000 A
.u207	OFF	0.000000 V 	0.000000 A
2023-07-18 15:04:49.856180
.u0	ILOCK	0.000000 V 	0.000000 A
.u1	ILOCK	0.000000 V 	0.000000 A
.u2	OFF	0.000000 V 	0.000000 A
.u3	OFF	0.000000 V 	0.000000 A
.u100	OFF	0.000000 V 	0.000000 A
.u101	OFF	0.000000 V 	0.000000 A
.u102	OFF	0.000000 V 	0.000000 A
.u103	OFF	0.000000 V 	0.000000 A
.u104	OFF	0.000000 V 	0.000000 A
.u105	OFF	0.000000 V 	0.000000 A
.u106	OFF	0.000000 V 	0.000000 A
.u107	OFF	0.000000 V 	0.000000 A
.u200	OFF	0.000000 V 	0.000000 A
.u201	OFF	0.000000 V 	0.000000 A
.u202	OFF	0.000000 V 	0.000000 A
.u203	OFF	0.000000 V 	0.000000 A
.u204	OFF	0.000000 V 	0.000000 A
.u205	OFF	0.000000 V 	0.000000 A
.u206	OFF	0.000000 V 	0.000000 A
.u207	OFF	0.000000 V 	0.000000 A
2023-07-18 15:07:30.193444
.u0	ILOCK	0.000000 V 	0.000000 A
.u1	ILOCK	0.000000 V 	0.000000 A
.u2	OFF	0.000000 V 	0.000000 A
.u3	OFF	0.000000 V 	0.000000 A
.u100	OFF	0.000000 V 	0.000000 A
.u101	OFF	0.000000 V 	0.000000 A
.u102	OFF	0.000000 V 	0.000000 A
.u103	OFF	0.000000 V 	0.000000 A
.u104	OFF	0.000000 V 	0.000000 A
.u105	OFF	0.000000 V 	0.000000 A
.u106	OFF	0.000000 V 	0.000000 A
.u107	OFF	0.000000 V 	0.000000 A
.u200	OFF	0.000000 V 	0.000000 A
.u201	OFF	0.000000 V 	0.000000 A
.u202	OFF	0.000000 V 	0.000000 A
.u203	OFF	0.000000 V 	0.000000 A
.u204	OFF	0.000000 V 	0.000000 A
.u205	OFF	0.000000 V 	0.000000 A
.u206	OFF	0.000000 V 	0.000000 A
.u207	OFF	0.000000 V 	0.000000 A
2023-07-18 15:07:42.008853
.u0	ILOCK	0.000000 V 	0.000000 A
.u1	ILOCK	0.000000 V 	0.000000 A
.u2	OFF	0.000000 V 	0.000000 A
.u3	OFF	0.000000 V 	0.000000 A
.u100	OFF	0.000000 V 	0.000000 A
.u101	OFF	0.000000 V 	0.000000 A
.u102	OFF	0.000000 V 	0.000000 A
.u103	OFF	0.000000 V 	0.000000 A
.u104	OFF	0.000000 V 	0.000000 A
.u105	OFF	0.000000 V 	0.000000 A
.u106	OFF	0.000000 V 	0.000000 A
.u107	OFF	0.000000 V 	0.000000 A
.u200	OFF	0.000000 V 	0.000000 A
.u201	OFF	0.000000 V 	0.000000 A
.u202	OFF	0.000000 V 	0.000000 A
.u203	OFF	0.000000 V 	0.000000 A
.u204	OFF	0.000000 V 	0.000000 A
.u205	OFF	0.000000 V 	0.000000 A
.u206	OFF	0.000000 V 	0.000000 A
.u207	OFF	0.000000 V 	0.000000 A
2023-07-18 15:09:05.632693
.u0	ILOCK	0.000000 V 	0.000000 A
.u1	ILOCK	0.000000 V 	0.000000 A
.u2	OFF	0.000000 V 	0.000000 A
.u3	OFF	0.000000 V 	0.000000 A
.u100	OFF	0.000000 V 	0.000000 A
.u101	OFF	0.000000 V 	0.000000 A
.u102	OFF	0.000000 V 	0.000000 A
.u103	OFF	0.000000 V 	0.000000 A
.u104	OFF	0.000000 V 	0.000000 A
.u105	OFF	0.000000 V 	0.000000 A
.u106	OFF	0.000000 V 	0.000000 A
.u107	OFF	0.000000 V 	0.000000 A
.u200	OFF	0.000000 V 	0.000000 A
.u201	OFF	0.000000 V 	0.000000 A
.u202	OFF	0.000000 V 	0.000000 A
.u203	OFF	0.000000 V 	0.000000 A
.u204	OFF	0.000000 V 	0.000000 A
.u205	OFF	0.000000 V 	0.000000 A
.u206	OFF	0.000000 V 	0.000000 A
.u207	OFF	0.000000 V 	0.000000 A
2023-07-18 15:09:21.570337
.u0	ILOCK	0.000000 V 	0.000000 A
.u1	ILOCK	0.000000 V 	0.000000 A
.u2	OFF	0.000000 V 	0.000000 A
.u3	OFF	0.000000 V 	0.000000 A
.u100	OFF	0.000000 V 	0.000000 A
.u101	OFF	0.000000 V 	0.000000 A
.u102	OFF	0.000000 V 	0.000000 A
.u103	OFF	0.000000 V 	0.000000 A
.u104	OFF	0.000000 V 	0.000000 A
.u105	OFF	0.000000 V 	0.000000 A
.u106	OFF	0.000000 V 	0.000000 A
.u107	OFF	0.000000 V 	0.000000 A
.u200	OFF	0.000000 V 	0.000000 A
.u201	OFF	0.000000 V 	0.000000 A
.u202	OFF	0.000000 V 	0.000000 A
.u203	OFF	0.000000 V 	0.000000 A
.u204	OFF	0.000000 V 	0.000000 A
.u205	OFF	0.000000 V 	0.000000 A
.u206	OFF	0.000000 V 	0.000000 A
.u207	OFF	0.000000 V 	0.000000 A
2023-07-18 15:09:47.877655
.u0	ILOCK	0.000000 V 	0.000000 A
.u1	ILOCK	0.000000 V 	0.000000 A
.u2	OFF	0.000000 V 	0.000000 A
.u3	OFF	0.000000 V 	0.000000 A
.u100	OFF	0.000000 V 	0.000000 A
.u101	OFF	0.000000 V 	0.000000 A
.u102	OFF	0.000000 V 	0.000000 A
.u103	OFF	0.000000 V 	0.000000 A
.u104	OFF	0.000000 V 	0.000000 A
.u105	OFF	0.000000 V 	0.000000 A
.u106	OFF	0.000000 V 	0.000000 A
.u107	OFF	0.000000 V 	0.000000 A
.u200	OFF	0.000000 V 	0.000000 A
.u201	OFF	0.000000 V 	0.000000 A
.u202	OFF	0.000000 V 	0.000000 A
.u203	OFF	0.000000 V 	0.000000 A
.u204	OFF	0.000000 V 	0.000000 A
.u205	OFF	0.000000 V 	0.000000 A
.u206	OFF	0.000000 V 	0.000000 A
.u207	OFF	0.000000 V 	0.000000 A
2023-07-18 15:09:59.963439
.u0	ILOCK	0.000000 V 	0.000000 A
.u1	ILOCK	0.000000 V 	0.000000 A
.u2	OFF	0.000000 V 	0.000000 A
.u3	OFF	0.000000 V 	0.000000 A
.u100	OFF	0.000000 V 	0.000000 A
.u101	OFF	0.000000 V 	0.000000 A
.u102	OFF	0.000000 V 	0.000000 A
.u103	OFF	0.000000 V 	0.000000 A
.u104	OFF	0.000000 V 	0.000000 A
.u105	OFF	0.000000 V 	0.000000 A
.u106	OFF	0.000000 V 	0.000000 A
.u107	OFF	0.000000 V 	0.000000 A
.u200	OFF	0.000000 V 	0.000000 A
.u201	OFF	0.000000 V 	0.000000 A
.u202	OFF	0.000000 V 	0.000000 A
.u203	OFF	0.000000 V 	0.000000 A
.u204	OFF	0.000000 V 	0.000000 A
.u205	OFF	0.000000 V 	0.000000 A
.u206	OFF	0.000000 V 	0.000000 A
.u207	OFF	0.000000 V 	0.000000 A
2023-07-18 15:13:06.009757
.u0	ILOCK	0.000000 V 	0.000000 A
.u1	ILOCK	0.000000 V 	0.000000 A
.u2	OFF	0.000000 V 	0.000000 A
.u3	OFF	0.000000 V 	0.000000 A
.u100	OFF	0.000000 V 	0.000000 A
.u101	OFF	0.000000 V 	0.000000 A
.u102	OFF	0.000000 V 	0.000000 A
.u103	OFF	0.000000 V 	0.000000 A
.u104	OFF	0.000000 V 	0.000000 A
.u105	OFF	0.000000 V 	0.000000 A
.u106	OFF	0.000000 V 	0.000000 A
.u107	OFF	0.000000 V 	0.000000 A
.u200	OFF	0.000000 V 	0.000000 A
.u201	OFF	0.000000 V 	0.000000 A
.u202	OFF	0.000000 V 	0.000000 A
.u203	OFF	0.000000 V 	0.000000 A
.u204	OFF	0.000000 V 	0.000000 A
.u205	OFF	0.000000 V 	0.000000 A
.u206	OFF	0.000000 V 	0.000000 A
.u207	OFF	0.000000 V 	0.000000 A
2023-07-18 15:13:17.246369
.u0	ILOCK	0.000000 V 	0.000000 A
.u1	ILOCK	0.000000 V 	0.000000 A
.u2	OFF	0.000000 V 	0.000000 A
.u3	OFF	0.000000 V 	0.000000 A
.u100	OFF	0.000000 V 	0.000000 A
.u101	OFF	0.000000 V 	0.000000 A
.u102	OFF	0.000000 V 	0.000000 A
.u103	OFF	0.000000 V 	0.000000 A
.u104	OFF	0.000000 V 	0.000000 A
.u105	OFF	0.000000 V 	0.000000 A
.u106	OFF	0.000000 V 	0.000000 A
.u107	OFF	0.000000 V 	0.000000 A
.u200	OFF	0.000000 V 	0.000000 A
.u201	OFF	0.000000 V 	0.000000 A
.u202	OFF	0.000000 V 	0.000000 A
.u203	OFF	0.000000 V 	0.000000 A
.u204	OFF	0.000000 V 	0.000000 A
.u205	OFF	0.000000 V 	0.000000 A
.u206	OFF	0.000000 V 	0.000000 A
.u207	OFF	0.000000 V 	0.000000 A
2023-07-18 15:37:24.012742
.u0	ILOCK	0.000000 V 	0.000000 A
.u1	ILOCK	0.000000 V 	0.000000 A
.u2	OFF	0.000000 V 	0.000000 A
.u3	OFF	0.000000 V 	0.000000 A
.u100	OFF	0.000000 V 	0.000000 A
.u101	OFF	0.000000 V 	0.000000 A
.u102	OFF	0.000000 V 	0.000000 A
.u103	OFF	0.000000 V 	0.000000 A
.u104	OFF	0.000000 V 	0.000000 A
.u105	OFF	0.000000 V 	0.000000 A
.u106	OFF	0.000000 V 	0.000000 A
.u107	OFF	0.000000 V 	0.000000 A
.u200	OFF	0.000000 V 	0.000000 A
.u201	OFF	0.000000 V 	0.000000 A
.u202	OFF	0.000000 V 	0.000000 A
.u203	OFF	0.000000 V 	0.000000 A
.u204	OFF	0.000000 V 	0.000000 A
.u205	OFF	0.000000 V 	0.000000 A
.u206	OFF	0.000000 V 	0.000000 A
.u207	OFF	0.000000 V 	0.000000 A
2023-07-18 15:37:36.443410
.u0	ILOCK	0.000000 V 	0.000000 A
.u1	ILOCK	0.000000 V 	0.000000 A
.u2	OFF	0.000000 V 	0.000000 A
.u3	OFF	0.000000 V 	0.000000 A
.u100	OFF	0.000000 V 	0.000000 A
.u101	OFF	0.000000 V 	0.000000 A
.u102	OFF	0.000000 V 	0.000000 A
.u103	OFF	0.000000 V 	0.000000 A
.u104	OFF	0.000000 V 	0.000000 A
.u105	OFF	0.000000 V 	0.000000 A
.u106	OFF	0.000000 V 	0.000000 A
.u107	OFF	0.000000 V 	0.000000 A
.u200	OFF	0.000000 V 	0.000000 A
.u201	OFF	0.000000 V 	0.000000 A
.u202	OFF	0.000000 V 	0.000000 A
.u203	OFF	0.000000 V 	0.000000 A
.u204	OFF	0.000000 V 	0.000000 A
.u205	OFF	0.000000 V 	0.000000 A
.u206	OFF	0.000000 V 	0.000000 A
.u207	OFF	0.000000 V 	0.000000 A
2023-07-18 15:38:36.847971
.u0	ILOCK	0.000000 V 	0.000000 A
.u1	ILOCK	0.000000 V 	0.000000 A
.u2	OFF	0.000000 V 	0.000000 A
.u3	OFF	0.000000 V 	0.000000 A
.u100	OFF	0.000000 V 	0.000000 A
.u101	OFF	0.000000 V 	0.000000 A
.u102	OFF	0.000000 V 	0.000000 A
.u103	OFF	0.000000 V 	0.000000 A
.u104	OFF	0.000000 V 	0.000000 A
.u105	OFF	0.000000 V 	0.000000 A
.u106	OFF	0.000000 V 	0.000000 A
.u107	OFF	0.000000 V 	0.000000 A
.u200	OFF	0.000000 V 	0.000000 A
.u201	OFF	0.000000 V 	0.000000 A
.u202	OFF	0.000000 V 	0.000000 A
.u203	OFF	0.000000 V 	0.000000 A
.u204	OFF	0.000000 V 	0.000000 A
.u205	OFF	0.000000 V 	0.000000 A
.u206	OFF	0.000000 V 	0.000000 A
.u207	OFF	0.000000 V 	0.000000 A
2023-07-18 15:38:48.085897
.u0	ILOCK	0.000000 V 	0.000000 A
.u1	ILOCK	0.000000 V 	0.000000 A
.u2	OFF	0.000000 V 	0.000000 A
.u3	OFF	0.000000 V 	0.000000 A
.u100	OFF	0.000000 V 	0.000000 A
.u101	OFF	0.000000 V 	0.000000 A
.u102	OFF	0.000000 V 	0.000000 A
.u103	OFF	0.000000 V 	0.000000 A
.u104	OFF	0.000000 V 	0.000000 A
.u105	OFF	0.000000 V 	0.000000 A
.u106	OFF	0.000000 V 	0.000000 A
.u107	OFF	0.000000 V 	0.000000 A
.u200	OFF	0.000000 V 	0.000000 A
.u201	OFF	0.000000 V 	0.000000 A
.u202	OFF	0.000000 V 	0.000000 A
.u203	OFF	0.000000 V 	0.000000 A
.u204	OFF	0.000000 V 	0.000000 A
.u205	OFF	0.000000 V 	0.000000 A
.u206	OFF	0.000000 V 	0.000000 A
.u207	OFF	0.000000 V 	0.000000 A
2023-07-18 15:40:42.191915
.u0	ILOCK	0.000000 V 	0.000000 A
.u1	ILOCK	0.000000 V 	0.000000 A
.u2	OFF	0.000000 V 	0.000000 A
.u3	OFF	0.000000 V 	0.000000 A
.u100	OFF	0.000000 V 	0.000000 A
.u101	OFF	0.000000 V 	0.000000 A
.u102	OFF	0.000000 V 	0.000000 A
.u103	OFF	0.000000 V 	0.000000 A
.u104	OFF	0.000000 V 	0.000000 A
.u105	OFF	0.000000 V 	0.000000 A
.u106	OFF	0.000000 V 	0.000000 A
.u107	OFF	0.000000 V 	0.000000 A
.u200	OFF	0.000000 V 	0.000000 A
.u201	OFF	0.000000 V 	0.000000 A
.u202	OFF	0.000000 V 	0.000000 A
.u203	OFF	0.000000 V 	0.000000 A
.u204	OFF	0.000000 V 	0.000000 A
.u205	OFF	0.000000 V 	0.000000 A
.u206	OFF	0.000000 V 	0.000000 A
.u207	OFF	0.000000 V 	0.000000 A
2023-07-18 15:40:54.419346
.u0	ILOCK	0.000000 V 	0.000000 A
.u1	ILOCK	0.000000 V 	0.000000 A
.u2	OFF	0.000000 V 	0.000000 A
.u3	OFF	0.000000 V 	0.000000 A
.u100	OFF	0.000000 V 	0.000000 A
.u101	OFF	0.000000 V 	0.000000 A
.u102	OFF	0.000000 V 	0.000000 A
.u103	OFF	0.000000 V 	0.000000 A
.u104	OFF	0.000000 V 	0.000000 A
.u105	OFF	0.000000 V 	0.000000 A
.u106	OFF	0.000000 V 	0.000000 A
.u107	OFF	0.000000 V 	0.000000 A
.u200	OFF	0.000000 V 	0.000000 A
.u201	OFF	0.000000 V 	0.000000 A
.u202	OFF	0.000000 V 	0.000000 A
.u203	OFF	0.000000 V 	0.000000 A
.u204	OFF	0.000000 V 	0.000000 A
.u205	OFF	0.000000 V 	0.000000 A
.u206	OFF	0.000000 V 	0.000000 A
.u207	OFF	0.000000 V 	0.000000 A
2023-07-18 15:42:06.589219
.u0	ILOCK	0.000000 V 	0.000000 A
.u1	ILOCK	0.000000 V 	0.000000 A
.u2	OFF	0.000000 V 	0.000000 A
.u3	OFF	0.000000 V 	0.000000 A
.u100	OFF	0.000000 V 	0.000000 A
.u101	OFF	0.000000 V 	0.000000 A
.u102	OFF	0.000000 V 	0.000000 A
.u103	OFF	0.000000 V 	0.000000 A
.u104	OFF	0.000000 V 	0.000000 A
.u105	OFF	0.000000 V 	0.000000 A
.u106	OFF	0.000000 V 	0.000000 A
.u107	OFF	0.000000 V 	0.000000 A
.u200	OFF	0.000000 V 	0.000000 A
.u201	OFF	0.000000 V 	0.000000 A
.u202	OFF	0.000000 V 	0.000000 A
.u203	OFF	0.000000 V 	0.000000 A
.u204	OFF	0.000000 V 	0.000000 A
.u205	OFF	0.000000 V 	0.000000 A
.u206	OFF	0.000000 V 	0.000000 A
.u207	OFF	0.000000 V 	0.000000 A
2023-07-18 15:42:18.376226
.u0	ILOCK	0.000000 V 	0.000000 A
.u1	ILOCK	0.000000 V 	0.000000 A
.u2	OFF	0.000000 V 	0.000000 A
.u3	OFF	0.000000 V 	0.000000 A
.u100	OFF	0.000000 V 	0.000000 A
.u101	OFF	0.000000 V 	0.000000 A
.u102	OFF	0.000000 V 	0.000000 A
.u103	OFF	0.000000 V 	0.000000 A
.u104	OFF	0.000000 V 	0.000000 A
.u105	OFF	0.000000 V 	0.000000 A
.u106	OFF	0.000000 V 	0.000000 A
.u107	OFF	0.000000 V 	0.000000 A
.u200	OFF	0.000000 V 	0.000000 A
.u201	OFF	0.000000 V 	0.000000 A
.u202	OFF	0.000000 V 	0.000000 A
.u203	OFF	0.000000 V 	0.000000 A
.u204	OFF	0.000000 V 	0.000000 A
.u205	OFF	0.000000 V 	0.000000 A
.u206	OFF	0.000000 V 	0.000000 A
.u207	OFF	0.000000 V 	0.000000 A
2023-07-18 15:42:49.011809
.u0	ILOCK	0.000000 V 	0.000000 A
.u1	ILOCK	0.000000 V 	0.000000 A
.u2	OFF	0.000000 V 	0.000000 A
.u3	OFF	0.000000 V 	0.000000 A
.u100	OFF	0.000000 V 	0.000000 A
.u101	OFF	0.000000 V 	0.000000 A
.u102	OFF	0.000000 V 	0.000000 A
.u103	OFF	0.000000 V 	0.000000 A
.u104	OFF	0.000000 V 	0.000000 A
.u105	OFF	0.000000 V 	0.000000 A
.u106	OFF	0.000000 V 	0.000000 A
.u107	OFF	0.000000 V 	0.000000 A
.u200	OFF	0.000000 V 	0.000000 A
.u201	OFF	0.000000 V 	0.000000 A
.u202	OFF	0.000000 V 	0.000000 A
.u203	OFF	0.000000 V 	0.000000 A
.u204	OFF	0.000000 V 	0.000000 A
.u205	OFF	0.000000 V 	0.000000 A
.u206	OFF	0.000000 V 	0.000000 A
.u207	OFF	0.000000 V 	0.000000 A
2023-07-18 15:43:00.886130
.u0	ILOCK	0.000000 V 	0.000000 A
.u1	ILOCK	0.000000 V 	0.000000 A
.u2	OFF	0.000000 V 	0.000000 A
.u3	OFF	0.000000 V 	0.000000 A
.u100	OFF	0.000000 V 	0.000000 A
.u101	OFF	0.000000 V 	0.000000 A
.u102	OFF	0.000000 V 	0.000000 A
.u103	OFF	0.000000 V 	0.000000 A
.u104	OFF	0.000000 V 	0.000000 A
.u105	OFF	0.000000 V 	0.000000 A
.u106	OFF	0.000000 V 	0.000000 A
.u107	OFF	0.000000 V 	0.000000 A
.u200	OFF	0.000000 V 	0.000000 A
.u201	OFF	0.000000 V 	0.000000 A
.u202	OFF	0.000000 V 	0.000000 A
.u203	OFF	0.000000 V 	0.000000 A
.u204	OFF	0.000000 V 	0.000000 A
.u205	OFF	0.000000 V 	0.000000 A
.u206	OFF	0.000000 V 	0.000000 A
.u207	OFF	0.000000 V 	0.000000 A
2023-07-18 15:43:53.649469
.u0	ILOCK	0.000000 V 	0.000000 A
.u1	ILOCK	0.000000 V 	0.000000 A
.u2	OFF	0.000000 V 	0.000000 A
.u3	OFF	0.000000 V 	0.000000 A
.u100	OFF	0.000000 V 	0.000000 A
.u101	OFF	0.000000 V 	0.000000 A
.u102	OFF	0.000000 V 	0.000000 A
.u103	OFF	0.000000 V 	0.000000 A
.u104	OFF	0.000000 V 	0.000000 A
.u105	OFF	0.000000 V 	0.000000 A
.u106	OFF	0.000000 V 	0.000000 A
.u107	OFF	0.000000 V 	0.000000 A
.u200	OFF	0.000000 V 	0.000000 A
.u201	OFF	0.000000 V 	0.000000 A
.u202	OFF	0.000000 V 	0.000000 A
.u203	OFF	0.000000 V 	0.000000 A
.u204	OFF	0.000000 V 	0.000000 A
.u205	OFF	0.000000 V 	0.000000 A
.u206	OFF	0.000000 V 	0.000000 A
.u207	OFF	0.000000 V 	0.000000 A
2023-07-18 15:44:04.792642
.u0	ILOCK	0.000000 V 	0.000000 A
.u1	ILOCK	0.000000 V 	0.000000 A
.u2	OFF	0.000000 V 	0.000000 A
.u3	OFF	0.000000 V 	0.000000 A
.u100	OFF	0.000000 V 	0.000000 A
.u101	OFF	0.000000 V 	0.000000 A
.u102	OFF	0.000000 V 	0.000000 A
.u103	OFF	0.000000 V 	0.000000 A
.u104	OFF	0.000000 V 	0.000000 A
.u105	OFF	0.000000 V 	0.000000 A
.u106	OFF	0.000000 V 	0.000000 A
.u107	OFF	0.000000 V 	0.000000 A
.u200	OFF	0.000000 V 	0.000000 A
.u201	OFF	0.000000 V 	0.000000 A
.u202	OFF	0.000000 V 	0.000000 A
.u203	OFF	0.000000 V 	0.000000 A
.u204	OFF	0.000000 V 	0.000000 A
.u205	OFF	0.000000 V 	0.000000 A
.u206	OFF	0.000000 V 	0.000000 A
.u207	OFF	0.000000 V 	0.000000 A
2023-07-18 15:44:42.502138
.u0	ILOCK	0.000000 V 	0.000000 A
.u1	ILOCK	0.000000 V 	0.000000 A
.u2	OFF	0.000000 V 	0.000000 A
.u3	OFF	0.000000 V 	0.000000 A
.u100	OFF	0.000000 V 	0.000000 A
.u101	OFF	0.000000 V 	0.000000 A
.u102	OFF	0.000000 V 	0.000000 A
.u103	OFF	0.000000 V 	0.000000 A
.u104	OFF	0.000000 V 	0.000000 A
.u105	OFF	0.000000 V 	0.000000 A
.u106	OFF	0.000000 V 	0.000000 A
.u107	OFF	0.000000 V 	0.000000 A
.u200	OFF	0.000000 V 	0.000000 A
.u201	OFF	0.000000 V 	0.000000 A
.u202	OFF	0.000000 V 	0.000000 A
.u203	OFF	0.000000 V 	0.000000 A
.u204	OFF	0.000000 V 	0.000000 A
.u205	OFF	0.000000 V 	0.000000 A
.u206	OFF	0.000000 V 	0.000000 A
.u207	OFF	0.000000 V 	0.000000 A
2023-07-18 15:44:53.917155
.u0	ILOCK	0.000000 V 	0.000000 A
.u1	ILOCK	0.000000 V 	0.000000 A
.u2	OFF	0.000000 V 	0.000000 A
.u3	OFF	0.000000 V 	0.000000 A
.u100	OFF	0.000000 V 	0.000000 A
.u101	OFF	0.000000 V 	0.000000 A
.u102	OFF	0.000000 V 	0.000000 A
.u103	OFF	0.000000 V 	0.000000 A
.u104	OFF	0.000000 V 	0.000000 A
.u105	OFF	0.000000 V 	0.000000 A
.u106	OFF	0.000000 V 	0.000000 A
.u107	OFF	0.000000 V 	0.000000 A
.u200	OFF	0.000000 V 	0.000000 A
.u201	OFF	0.000000 V 	0.000000 A
.u202	OFF	0.000000 V 	0.000000 A
.u203	OFF	0.000000 V 	0.000000 A
.u204	OFF	0.000000 V 	0.000000 A
.u205	OFF	0.000000 V 	0.000000 A
.u206	OFF	0.000000 V 	0.000000 A
.u207	OFF	0.000000 V 	0.000000 A
2023-07-18 15:48:11.452224
.u0	ILOCK	0.000000 V 	0.000000 A
.u1	ILOCK	0.000000 V 	0.000000 A
.u2	OFF	0.000000 V 	0.000000 A
.u3	OFF	0.000000 V 	0.000000 A
.u100	OFF	0.000000 V 	0.000000 A
.u101	OFF	0.000000 V 	0.000000 A
.u102	OFF	0.000000 V 	0.000000 A
.u103	OFF	0.000000 V 	0.000000 A
.u104	OFF	0.000000 V 	0.000000 A
.u105	OFF	0.000000 V 	0.000000 A
.u106	OFF	0.000000 V 	0.000000 A
.u107	OFF	0.000000 V 	0.000000 A
.u200	OFF	0.000000 V 	0.000000 A
.u201	OFF	0.000000 V 	0.000000 A
.u202	OFF	0.000000 V 	0.000000 A
.u203	OFF	0.000000 V 	0.000000 A
.u204	OFF	0.000000 V 	0.000000 A
.u205	OFF	0.000000 V 	0.000000 A
.u206	OFF	0.000000 V 	0.000000 A
.u207	OFF	0.000000 V 	0.000000 A
2023-07-18 15:48:22.718603
.u0	ILOCK	0.000000 V 	0.000000 A
.u1	ILOCK	0.000000 V 	0.000000 A
.u2	OFF	0.000000 V 	0.000000 A
.u3	OFF	0.000000 V 	0.000000 A
.u100	OFF	0.000000 V 	0.000000 A
.u101	OFF	0.000000 V 	0.000000 A
.u102	OFF	0.000000 V 	0.000000 A
.u103	OFF	0.000000 V 	0.000000 A
.u104	OFF	0.000000 V 	0.000000 A
.u105	OFF	0.000000 V 	0.000000 A
.u106	OFF	0.000000 V 	0.000000 A
.u107	OFF	0.000000 V 	0.000000 A
.u200	OFF	0.000000 V 	0.000000 A
.u201	OFF	0.000000 V 	0.000000 A
.u202	OFF	0.000000 V 	0.000000 A
.u203	OFF	0.000000 V 	0.000000 A
.u204	OFF	0.000000 V 	0.000000 A
.u205	OFF	0.000000 V 	0.000000 A
.u206	OFF	0.000000 V 	0.000000 A
.u207	OFF	0.000000 V 	0.000000 A
2023-07-18 15:49:14.021489
.u0	ILOCK	0.000000 V 	0.000000 A
.u1	ILOCK	0.000000 V 	0.000000 A
.u2	OFF	0.000000 V 	0.000000 A
.u3	OFF	0.000000 V 	0.000000 A
.u100	OFF	0.000000 V 	0.000000 A
.u101	OFF	0.000000 V 	0.000000 A
.u102	OFF	0.000000 V 	0.000000 A
.u103	OFF	0.000000 V 	0.000000 A
.u104	OFF	0.000000 V 	0.000000 A
.u105	OFF	0.000000 V 	0.000000 A
.u106	OFF	0.000000 V 	0.000000 A
.u107	OFF	0.000000 V 	0.000000 A
.u200	OFF	0.000000 V 	0.000000 A
.u201	OFF	0.000000 V 	0.000000 A
.u202	OFF	0.000000 V 	0.000000 A
.u203	OFF	0.000000 V 	0.000000 A
.u204	OFF	0.000000 V 	0.000000 A
.u205	OFF	0.000000 V 	0.000000 A
.u206	OFF	0.000000 V 	0.000000 A
.u207	OFF	0.000000 V 	0.000000 A
2023-07-18 15:49:26.854730
.u0	ILOCK	0.000000 V 	0.000000 A
.u1	ILOCK	0.000000 V 	0.000000 A
.u2	OFF	0.000000 V 	0.000000 A
.u3	OFF	0.000000 V 	0.000000 A
.u100	OFF	0.000000 V 	0.000000 A
.u101	OFF	0.000000 V 	0.000000 A
.u102	OFF	0.000000 V 	0.000000 A
.u103	OFF	0.000000 V 	0.000000 A
.u104	OFF	0.000000 V 	0.000000 A
.u105	OFF	0.000000 V 	0.000000 A
.u106	OFF	0.000000 V 	0.000000 A
.u107	OFF	0.000000 V 	0.000000 A
.u200	OFF	0.000000 V 	0.000000 A
.u201	OFF	0.000000 V 	0.000000 A
.u202	OFF	0.000000 V 	0.000000 A
.u203	OFF	0.000000 V 	0.000000 A
.u204	OFF	0.000000 V 	0.000000 A
.u205	OFF	0.000000 V 	0.000000 A
.u206	OFF	0.000000 V 	0.000000 A
.u207	OFF	0.000000 V 	0.000000 A
2023-07-18 15:52:14.909504
.u0	ILOCK	0.000000 V 	0.000000 A
.u1	ILOCK	0.000000 V 	0.000000 A
.u2	OFF	0.000000 V 	0.000000 A
.u3	OFF	0.000000 V 	0.000000 A
.u100	OFF	0.000000 V 	0.000000 A
.u101	OFF	0.000000 V 	0.000000 A
.u102	OFF	0.000000 V 	0.000000 A
.u103	OFF	0.000000 V 	0.000000 A
.u104	OFF	0.000000 V 	0.000000 A
.u105	OFF	0.000000 V 	0.000000 A
.u106	OFF	0.000000 V 	0.000000 A
.u107	OFF	0.000000 V 	0.000000 A
.u200	OFF	0.000000 V 	0.000000 A
.u201	OFF	0.000000 V 	0.000000 A
.u202	OFF	0.000000 V 	0.000000 A
.u203	OFF	0.000000 V 	0.000000 A
.u204	OFF	0.000000 V 	0.000000 A
.u205	OFF	0.000000 V 	0.000000 A
.u206	OFF	0.000000 V 	0.000000 A
.u207	OFF	0.000000 V 	0.000000 A
2023-07-18 15:52:26.607079
.u0	ILOCK	0.000000 V 	0.000000 A
.u1	ILOCK	0.000000 V 	0.000000 A
.u2	OFF	0.000000 V 	0.000000 A
.u3	OFF	0.000000 V 	0.000000 A
.u100	OFF	0.000000 V 	0.000000 A
.u101	OFF	0.000000 V 	0.000000 A
.u102	OFF	0.000000 V 	0.000000 A
.u103	OFF	0.000000 V 	0.000000 A
.u104	OFF	0.000000 V 	0.000000 A
.u105	OFF	0.000000 V 	0.000000 A
.u106	OFF	0.000000 V 	0.000000 A
.u107	OFF	0.000000 V 	0.000000 A
.u200	OFF	0.000000 V 	0.000000 A
.u201	OFF	0.000000 V 	0.000000 A
.u202	OFF	0.000000 V 	0.000000 A
.u203	OFF	0.000000 V 	0.000000 A
.u204	OFF	0.000000 V 	0.000000 A
.u205	OFF	0.000000 V 	0.000000 A
.u206	OFF	0.000000 V 	0.000000 A
.u207	OFF	0.000000 V 	0.000000 A
2023-07-18 15:53:06.224495
.u0	ILOCK	0.000000 V 	0.000000 A
.u1	ILOCK	0.000000 V 	0.000000 A
.u2	OFF	0.000000 V 	0.000000 A
.u3	OFF	0.000000 V 	0.000000 A
.u100	OFF	0.000000 V 	0.000000 A
.u101	OFF	0.000000 V 	0.000000 A
.u102	OFF	0.000000 V 	0.000000 A
.u103	OFF	0.000000 V 	0.000000 A
.u104	OFF	0.000000 V 	0.000000 A
.u105	OFF	0.000000 V 	0.000000 A
.u106	OFF	0.000000 V 	0.000000 A
.u107	OFF	0.000000 V 	0.000000 A
.u200	OFF	0.000000 V 	0.000000 A
.u201	OFF	0.000000 V 	0.000000 A
.u202	OFF	0.000000 V 	0.000000 A
.u203	OFF	0.000000 V 	0.000000 A
.u204	OFF	0.000000 V 	0.000000 A
.u205	OFF	0.000000 V 	0.000000 A
.u206	OFF	0.000000 V 	0.000000 A
.u207	OFF	0.000000 V 	0.000000 A
2023-07-18 15:53:20.103681
.u0	ILOCK	0.000000 V 	0.000000 A
.u1	ILOCK	0.000000 V 	0.000000 A
.u2	OFF	0.000000 V 	0.000000 A
.u3	OFF	0.000000 V 	0.000000 A
.u100	OFF	0.000000 V 	0.000000 A
.u101	OFF	0.000000 V 	0.000000 A
.u102	OFF	0.000000 V 	0.000000 A
.u103	OFF	0.000000 V 	0.000000 A
.u104	OFF	0.000000 V 	0.000000 A
.u105	OFF	0.000000 V 	0.000000 A
.u106	OFF	0.000000 V 	0.000000 A
.u107	OFF	0.000000 V 	0.000000 A
.u200	OFF	0.000000 V 	0.000000 A
.u201	OFF	0.000000 V 	0.000000 A
.u202	OFF	0.000000 V 	0.000000 A
.u203	OFF	0.000000 V 	0.000000 A
.u204	OFF	0.000000 V 	0.000000 A
.u205	OFF	0.000000 V 	0.000000 A
.u206	OFF	0.000000 V 	0.000000 A
.u207	OFF	0.000000 V 	0.000000 A
2023-07-18 15:54:17.385164
.u0	ILOCK	0.000000 V 	0.000000 A
.u1	ILOCK	0.000000 V 	0.000000 A
.u2	OFF	0.000000 V 	0.000000 A
.u3	OFF	0.000000 V 	0.000000 A
.u100	OFF	0.000000 V 	0.000000 A
.u101	OFF	0.000000 V 	0.000000 A
.u102	OFF	0.000000 V 	0.000000 A
.u103	OFF	0.000000 V 	0.000000 A
.u104	OFF	0.000000 V 	0.000000 A
.u105	OFF	0.000000 V 	0.000000 A
.u106	OFF	0.000000 V 	0.000000 A
.u107	OFF	0.000000 V 	0.000000 A
.u200	OFF	0.000000 V 	0.000000 A
.u201	OFF	0.000000 V 	0.000000 A
.u202	OFF	0.000000 V 	0.000000 A
.u203	OFF	0.000000 V 	0.000000 A
.u204	OFF	0.000000 V 	0.000000 A
.u205	OFF	0.000000 V 	0.000000 A
.u206	OFF	0.000000 V 	0.000000 A
.u207	OFF	0.000000 V 	0.000000 A
2023-07-18 15:54:29.574938
.u0	ILOCK	0.000000 V 	0.000000 A
.u1	ILOCK	0.000000 V 	0.000000 A
.u2	OFF	0.000000 V 	0.000000 A
.u3	OFF	0.000000 V 	0.000000 A
.u100	OFF	0.000000 V 	0.000000 A
.u101	OFF	0.000000 V 	0.000000 A
.u102	OFF	0.000000 V 	0.000000 A
.u103	OFF	0.000000 V 	0.000000 A
.u104	OFF	0.000000 V 	0.000000 A
.u105	OFF	0.000000 V 	0.000000 A
.u106	OFF	0.000000 V 	0.000000 A
.u107	OFF	0.000000 V 	0.000000 A
.u200	OFF	0.000000 V 	0.000000 A
.u201	OFF	0.000000 V 	0.000000 A
.u202	OFF	0.000000 V 	0.000000 A
.u203	OFF	0.000000 V 	0.000000 A
.u204	OFF	0.000000 V 	0.000000 A
.u205	OFF	0.000000 V 	0.000000 A
.u206	OFF	0.000000 V 	0.000000 A
.u207	OFF	0.000000 V 	0.000000 A
2023-07-18 15:56:26.308492
.u0	ILOCK	0.000000 V 	0.000000 A
.u1	ILOCK	0.000000 V 	0.000000 A
.u2	OFF	0.000000 V 	0.000000 A
.u3	OFF	0.000000 V 	0.000000 A
.u100	OFF	0.000000 V 	0.000000 A
.u101	OFF	0.000000 V 	0.000000 A
.u102	OFF	0.000000 V 	0.000000 A
.u103	OFF	0.000000 V 	0.000000 A
.u104	OFF	0.000000 V 	0.000000 A
.u105	OFF	0.000000 V 	0.000000 A
.u106	OFF	0.000000 V 	0.000000 A
.u107	OFF	0.000000 V 	0.000000 A
.u200	OFF	0.000000 V 	0.000000 A
.u201	OFF	0.000000 V 	0.000000 A
.u202	OFF	0.000000 V 	0.000000 A
.u203	OFF	0.000000 V 	0.000000 A
.u204	OFF	0.000000 V 	0.000000 A
.u205	OFF	0.000000 V 	0.000000 A
.u206	OFF	0.000000 V 	0.000000 A
.u207	OFF	0.000000 V 	0.000000 A
2023-07-18 15:56:38.718639
.u0	ILOCK	0.000000 V 	0.000000 A
.u1	ILOCK	0.000000 V 	0.000000 A
.u2	OFF	0.000000 V 	0.000000 A
.u3	OFF	0.000000 V 	0.000000 A
.u100	OFF	0.000000 V 	0.000000 A
.u101	OFF	0.000000 V 	0.000000 A
.u102	OFF	0.000000 V 	0.000000 A
.u103	OFF	0.000000 V 	0.000000 A
.u104	OFF	0.000000 V 	0.000000 A
.u105	OFF	0.000000 V 	0.000000 A
.u106	OFF	0.000000 V 	0.000000 A
.u107	OFF	0.000000 V 	0.000000 A
.u200	OFF	0.000000 V 	0.000000 A
.u201	OFF	0.000000 V 	0.000000 A
.u202	OFF	0.000000 V 	0.000000 A
.u203	OFF	0.000000 V 	0.000000 A
.u204	OFF	0.000000 V 	0.000000 A
.u205	OFF	0.000000 V 	0.000000 A
.u206	OFF	0.000000 V 	0.000000 A
.u207	OFF	0.000000 V 	0.000000 A
2023-07-18 15:57:09.002783
.u0	ILOCK	0.000000 V 	0.000000 A
.u1	ILOCK	0.000000 V 	0.000000 A
.u2	OFF	0.000000 V 	0.000000 A
.u3	OFF	0.000000 V 	0.000000 A
.u100	OFF	0.000000 V 	0.000000 A
.u101	OFF	0.000000 V 	0.000000 A
.u102	OFF	0.000000 V 	0.000000 A
.u103	OFF	0.000000 V 	0.000000 A
.u104	OFF	0.000000 V 	0.000000 A
.u105	OFF	0.000000 V 	0.000000 A
.u106	OFF	0.000000 V 	0.000000 A
.u107	OFF	0.000000 V 	0.000000 A
.u200	OFF	0.000000 V 	0.000000 A
.u201	OFF	0.000000 V 	0.000000 A
.u202	OFF	0.000000 V 	0.000000 A
.u203	OFF	0.000000 V 	0.000000 A
.u204	OFF	0.000000 V 	0.000000 A
.u205	OFF	0.000000 V 	0.000000 A
.u206	OFF	0.000000 V 	0.000000 A
.u207	OFF	0.000000 V 	0.000000 A
2023-07-18 15:57:21.123062
.u0	ILOCK	0.000000 V 	0.000000 A
.u1	ILOCK	0.000000 V 	0.000000 A
.u2	OFF	0.000000 V 	0.000000 A
.u3	OFF	0.000000 V 	0.000000 A
.u100	OFF	0.000000 V 	0.000000 A
.u101	OFF	0.000000 V 	0.000000 A
.u102	OFF	0.000000 V 	0.000000 A
.u103	OFF	0.000000 V 	0.000000 A
.u104	OFF	0.000000 V 	0.000000 A
.u105	OFF	0.000000 V 	0.000000 A
.u106	OFF	0.000000 V 	0.000000 A
.u107	OFF	0.000000 V 	0.000000 A
.u200	OFF	0.000000 V 	0.000000 A
.u201	OFF	0.000000 V 	0.000000 A
.u202	OFF	0.000000 V 	0.000000 A
.u203	OFF	0.000000 V 	0.000000 A
.u204	OFF	0.000000 V 	0.000000 A
.u205	OFF	0.000000 V 	0.000000 A
.u206	OFF	0.000000 V 	0.000000 A
.u207	OFF	0.000000 V 	0.000000 A
2023-07-18 15:58:17.505584
.u0	ILOCK	0.000000 V 	0.000000 A
.u1	ILOCK	0.000000 V 	0.000000 A
.u2	OFF	0.000000 V 	0.000000 A
.u3	OFF	0.000000 V 	0.000000 A
.u100	OFF	0.000000 V 	0.000000 A
.u101	OFF	0.000000 V 	0.000000 A
.u102	OFF	0.000000 V 	0.000000 A
.u103	OFF	0.000000 V 	0.000000 A
.u104	OFF	0.000000 V 	0.000000 A
.u105	OFF	0.000000 V 	0.000000 A
.u106	OFF	0.000000 V 	0.000000 A
.u107	OFF	0.000000 V 	0.000000 A
.u200	OFF	0.000000 V 	0.000000 A
.u201	OFF	0.000000 V 	0.000000 A
.u202	OFF	0.000000 V 	0.000000 A
.u203	OFF	0.000000 V 	0.000000 A
.u204	OFF	0.000000 V 	0.000000 A
.u205	OFF	0.000000 V 	0.000000 A
.u206	OFF	0.000000 V 	0.000000 A
.u207	OFF	0.000000 V 	0.000000 A
2023-07-18 15:58:29.667428
.u0	ILOCK	0.000000 V 	0.000000 A
.u1	ILOCK	0.000000 V 	0.000000 A
.u2	OFF	0.000000 V 	0.000000 A
.u3	OFF	0.000000 V 	0.000000 A
.u100	OFF	0.000000 V 	0.000000 A
.u101	OFF	0.000000 V 	0.000000 A
.u102	OFF	0.000000 V 	0.000000 A
.u103	OFF	0.000000 V 	0.000000 A
.u104	OFF	0.000000 V 	0.000000 A
.u105	OFF	0.000000 V 	0.000000 A
.u106	OFF	0.000000 V 	0.000000 A
.u107	OFF	0.000000 V 	0.000000 A
.u200	OFF	0.000000 V 	0.000000 A
.u201	OFF	0.000000 V 	0.000000 A
.u202	OFF	0.000000 V 	0.000000 A
.u203	OFF	0.000000 V 	0.000000 A
.u204	OFF	0.000000 V 	0.000000 A
.u205	OFF	0.000000 V 	0.000000 A
.u206	OFF	0.000000 V 	0.000000 A
.u207	OFF	0.000000 V 	0.000000 A
2023-07-18 16:04:08.277758
.u0	ILOCK	0.000000 V 	0.000000 A
.u1	ILOCK	0.000000 V 	0.000000 A
.u2	OFF	0.000000 V 	0.000000 A
.u3	OFF	0.000000 V 	0.000000 A
.u100	OFF	0.000000 V 	0.000000 A
.u101	OFF	0.000000 V 	0.000000 A
.u102	OFF	0.000000 V 	0.000000 A
.u103	OFF	0.000000 V 	0.000000 A
.u104	OFF	0.000000 V 	0.000000 A
.u105	OFF	0.000000 V 	0.000000 A
.u106	OFF	0.000000 V 	0.000000 A
.u107	OFF	0.000000 V 	0.000000 A
.u200	OFF	0.000000 V 	0.000000 A
.u201	OFF	0.000000 V 	0.000000 A
.u202	OFF	0.000000 V 	0.000000 A
.u203	OFF	0.000000 V 	0.000000 A
.u204	OFF	0.000000 V 	0.000000 A
.u205	OFF	0.000000 V 	0.000000 A
.u206	OFF	0.000000 V 	0.000000 A
.u207	OFF	0.000000 V 	0.000000 A
2023-07-18 16:04:40.106200
.u0	ILOCK	0.000000 V 	0.000000 A
.u1	ILOCK	0.000000 V 	0.000000 A
.u2	OFF	0.000000 V 	0.000000 A
.u3	OFF	0.000000 V 	0.000000 A
.u100	OFF	0.000000 V 	0.000000 A
.u101	OFF	0.000000 V 	0.000000 A
.u102	OFF	0.000000 V 	0.000000 A
.u103	OFF	0.000000 V 	0.000000 A
.u104	OFF	0.000000 V 	0.000000 A
.u105	OFF	0.000000 V 	0.000000 A
.u106	OFF	0.000000 V 	0.000000 A
.u107	OFF	0.000000 V 	0.000000 A
.u200	OFF	0.000000 V 	0.000000 A
.u201	OFF	0.000000 V 	0.000000 A
.u202	OFF	0.000000 V 	0.000000 A
.u203	OFF	0.000000 V 	0.000000 A
.u204	OFF	0.000000 V 	0.000000 A
.u205	OFF	0.000000 V 	0.000000 A
.u206	OFF	0.000000 V 	0.000000 A
.u207	OFF	0.000000 V 	0.000000 A
2023-07-18 16:04:50.770932
.u0	ILOCK	0.000000 V 	0.000000 A
.u1	ILOCK	0.000000 V 	0.000000 A
.u2	OFF	0.000000 V 	0.000000 A
.u3	OFF	0.000000 V 	0.000000 A
.u100	OFF	0.000000 V 	0.000000 A
.u101	OFF	0.000000 V 	0.000000 A
.u102	OFF	0.000000 V 	0.000000 A
.u103	OFF	0.000000 V 	0.000000 A
.u104	OFF	0.000000 V 	0.000000 A
.u105	OFF	0.000000 V 	0.000000 A
.u106	OFF	0.000000 V 	0.000000 A
.u107	OFF	0.000000 V 	0.000000 A
.u200	OFF	0.000000 V 	0.000000 A
.u201	OFF	0.000000 V 	0.000000 A
.u202	OFF	0.000000 V 	0.000000 A
.u203	OFF	0.000000 V 	0.000000 A
.u204	OFF	0.000000 V 	0.000000 A
.u205	OFF	0.000000 V 	0.000000 A
.u206	OFF	0.000000 V 	0.000000 A
.u207	OFF	0.000000 V 	0.000000 A
2023-07-18 16:05:02.485694
.u0	ILOCK	0.000000 V 	0.000000 A
.u1	ILOCK	0.000000 V 	0.000000 A
.u2	OFF	0.000000 V 	0.000000 A
.u3	OFF	0.000000 V 	0.000000 A
.u100	OFF	0.000000 V 	0.000000 A
.u101	OFF	0.000000 V 	0.000000 A
.u102	OFF	0.000000 V 	0.000000 A
.u103	OFF	0.000000 V 	0.000000 A
.u104	OFF	0.000000 V 	0.000000 A
.u105	OFF	0.000000 V 	0.000000 A
.u106	OFF	0.000000 V 	0.000000 A
.u107	OFF	0.000000 V 	0.000000 A
.u200	OFF	0.000000 V 	0.000000 A
.u201	OFF	0.000000 V 	0.000000 A
.u202	OFF	0.000000 V 	0.000000 A
.u203	OFF	0.000000 V 	0.000000 A
.u204	OFF	0.000000 V 	0.000000 A
.u205	OFF	0.000000 V 	0.000000 A
.u206	OFF	0.000000 V 	0.000000 A
.u207	OFF	0.000000 V 	0.000000 A
2023-07-18 16:06:23.901627
.u0	ILOCK	0.000000 V 	0.000000 A
.u1	ILOCK	0.000000 V 	0.000000 A
.u2	OFF	0.000000 V 	0.000000 A
.u3	OFF	0.000000 V 	0.000000 A
.u100	OFF	0.000000 V 	0.000000 A
.u101	OFF	0.000000 V 	0.000000 A
.u102	OFF	0.000000 V 	0.000000 A
.u103	OFF	0.000000 V 	0.000000 A
.u104	OFF	0.000000 V 	0.000000 A
.u105	OFF	0.000000 V 	0.000000 A
.u106	OFF	0.000000 V 	0.000000 A
.u107	OFF	0.000000 V 	0.000000 A
.u200	OFF	0.000000 V 	0.000000 A
.u201	OFF	0.000000 V 	0.000000 A
.u202	OFF	0.000000 V 	0.000000 A
.u203	OFF	0.000000 V 	0.000000 A
.u204	OFF	0.000000 V 	0.000000 A
.u205	OFF	0.000000 V 	0.000000 A
.u206	OFF	0.000000 V 	0.000000 A
.u207	OFF	0.000000 V 	0.000000 A
2023-07-18 16:06:38.023782
.u0	ILOCK	0.000000 V 	0.000000 A
.u1	ILOCK	0.000000 V 	0.000000 A
.u2	OFF	0.000000 V 	0.000000 A
.u3	OFF	0.000000 V 	0.000000 A
.u100	OFF	0.000000 V 	0.000000 A
.u101	OFF	0.000000 V 	0.000000 A
.u102	OFF	0.000000 V 	0.000000 A
.u103	OFF	0.000000 V 	0.000000 A
.u104	OFF	0.000000 V 	0.000000 A
.u105	OFF	0.000000 V 	0.000000 A
.u106	OFF	0.000000 V 	0.000000 A
.u107	OFF	0.000000 V 	0.000000 A
.u200	OFF	0.000000 V 	0.000000 A
.u201	OFF	0.000000 V 	0.000000 A
.u202	OFF	0.000000 V 	0.000000 A
.u203	OFF	0.000000 V 	0.000000 A
.u204	OFF	0.000000 V 	0.000000 A
.u205	OFF	0.000000 V 	0.000000 A
.u206	OFF	0.000000 V 	0.000000 A
.u207	OFF	0.000000 V 	0.000000 A
2023-07-18 16:07:43.560687
.u0	ILOCK	0.000000 V 	0.000000 A
.u1	ILOCK	0.000000 V 	0.000000 A
.u2	OFF	0.000000 V 	0.000000 A
.u3	OFF	0.000000 V 	0.000000 A
.u100	OFF	0.000000 V 	0.000000 A
.u101	OFF	0.000000 V 	0.000000 A
.u102	OFF	0.000000 V 	0.000000 A
.u103	OFF	0.000000 V 	0.000000 A
.u104	OFF	0.000000 V 	0.000000 A
.u105	OFF	0.000000 V 	0.000000 A
.u106	OFF	0.000000 V 	0.000000 A
.u107	OFF	0.000000 V 	0.000000 A
.u200	OFF	0.000000 V 	0.000000 A
.u201	OFF	0.000000 V 	0.000000 A
.u202	OFF	0.000000 V 	0.000000 A
.u203	OFF	0.000000 V 	0.000000 A
.u204	OFF	0.000000 V 	0.000000 A
.u205	OFF	0.000000 V 	0.000000 A
.u206	OFF	0.000000 V 	0.000000 A
.u207	OFF	0.000000 V 	0.000000 A
2023-07-18 16:07:56.432293
.u0	ILOCK	0.000000 V 	0.000000 A
.u1	ILOCK	0.000000 V 	0.000000 A
.u2	OFF	0.000000 V 	0.000000 A
.u3	OFF	0.000000 V 	0.000000 A
.u100	OFF	0.000000 V 	0.000000 A
.u101	OFF	0.000000 V 	0.000000 A
.u102	OFF	0.000000 V 	0.000000 A
.u103	OFF	0.000000 V 	0.000000 A
.u104	OFF	0.000000 V 	0.000000 A
.u105	OFF	0.000000 V 	0.000000 A
.u106	OFF	0.000000 V 	0.000000 A
.u107	OFF	0.000000 V 	0.000000 A
.u200	OFF	0.000000 V 	0.000000 A
.u201	OFF	0.000000 V 	0.000000 A
.u202	OFF	0.000000 V 	0.000000 A
.u203	OFF	0.000000 V 	0.000000 A
.u204	OFF	0.000000 V 	0.000000 A
.u205	OFF	0.000000 V 	0.000000 A
.u206	OFF	0.000000 V 	0.000000 A
.u207	OFF	0.000000 V 	0.000000 A
2023-07-18 17:29:31.095601
.u0	ILOCK	0.000000 V 	0.000000 A
.u1	ILOCK	0.000000 V 	0.000000 A
.u2	OFF	0.000000 V 	0.000000 A
.u3	OFF	0.000000 V 	0.000000 A
.u100	OFF	0.000000 V 	0.000000 A
.u101	OFF	0.000000 V 	0.000000 A
.u102	OFF	0.000000 V 	0.000000 A
.u103	OFF	0.000000 V 	0.000000 A
.u104	OFF	0.000000 V 	0.000000 A
.u105	OFF	0.000000 V 	0.000000 A
.u106	OFF	0.000000 V 	0.000000 A
.u107	OFF	0.000000 V 	0.000000 A
.u200	OFF	0.000000 V 	0.000000 A
.u201	OFF	0.000000 V 	0.000000 A
.u202	OFF	0.000000 V 	0.000000 A
.u203	OFF	0.000000 V 	0.000000 A
.u204	OFF	0.000000 V 	0.000000 A
.u205	OFF	0.000000 V 	0.000000 A
.u206	OFF	0.000000 V 	0.000000 A
.u207	OFF	0.000000 V 	0.000000 A
2023-07-18 17:29:43.566234
.u0	ILOCK	0.000000 V 	0.000000 A
.u1	ILOCK	0.000000 V 	0.000000 A
.u2	OFF	0.000000 V 	0.000000 A
.u3	OFF	0.000000 V 	0.000000 A
.u100	OFF	0.000000 V 	0.000000 A
.u101	OFF	0.000000 V 	0.000000 A
.u102	OFF	0.000000 V 	0.000000 A
.u103	OFF	0.000000 V 	0.000000 A
.u104	OFF	0.000000 V 	0.000000 A
.u105	OFF	0.000000 V 	0.000000 A
.u106	OFF	0.000000 V 	0.000000 A
.u107	OFF	0.000000 V 	0.000000 A
.u200	OFF	0.000000 V 	0.000000 A
.u201	OFF	0.000000 V 	0.000000 A
.u202	OFF	0.000000 V 	0.000000 A
.u203	OFF	0.000000 V 	0.000000 A
.u204	OFF	0.000000 V 	0.000000 A
.u205	OFF	0.000000 V 	0.000000 A
.u206	OFF	0.000000 V 	0.000000 A
.u207	OFF	0.000000 V 	0.000000 A
2023-07-18 17:30:53.790679
.u0	ILOCK	0.000000 V 	0.000000 A
.u1	ILOCK	0.000000 V 	0.000000 A
.u2	OFF	0.000000 V 	0.000000 A
.u3	OFF	0.000000 V 	0.000000 A
.u100	OFF	0.000000 V 	0.000000 A
.u101	OFF	0.000000 V 	0.000000 A
.u102	OFF	0.000000 V 	0.000000 A
.u103	OFF	0.000000 V 	0.000000 A
.u104	OFF	0.000000 V 	0.000000 A
.u105	OFF	0.000000 V 	0.000000 A
.u106	OFF	0.000000 V 	0.000000 A
.u107	OFF	0.000000 V 	0.000000 A
.u200	OFF	0.000000 V 	0.000000 A
.u201	OFF	0.000000 V 	0.000000 A
.u202	OFF	0.000000 V 	0.000000 A
.u203	OFF	0.000000 V 	0.000000 A
.u204	OFF	0.000000 V 	0.000000 A
.u205	OFF	0.000000 V 	0.000000 A
.u206	OFF	0.000000 V 	0.000000 A
.u207	OFF	0.000000 V 	0.000000 A
2023-07-18 17:31:06.928835
.u0	ILOCK	0.000000 V 	0.000000 A
.u1	ILOCK	0.000000 V 	0.000000 A
.u2	OFF	0.000000 V 	0.000000 A
.u3	OFF	0.000000 V 	0.000000 A
.u100	OFF	0.000000 V 	0.000000 A
.u101	OFF	0.000000 V 	0.000000 A
.u102	OFF	0.000000 V 	0.000000 A
.u103	OFF	0.000000 V 	0.000000 A
.u104	OFF	0.000000 V 	0.000000 A
.u105	OFF	0.000000 V 	0.000000 A
.u106	OFF	0.000000 V 	0.000000 A
.u107	OFF	0.000000 V 	0.000000 A
.u200	OFF	0.000000 V 	0.000000 A
.u201	OFF	0.000000 V 	0.000000 A
.u202	OFF	0.000000 V 	0.000000 A
.u203	OFF	0.000000 V 	0.000000 A
.u204	OFF	0.000000 V 	0.000000 A
.u205	OFF	0.000000 V 	0.000000 A
.u206	OFF	0.000000 V 	0.000000 A
.u207	OFF	0.000000 V 	0.000000 A
2023-07-18 17:35:36.023199
.u0	ILOCK	0.000000 V 	0.000000 A
.u1	ILOCK	0.000000 V 	0.000000 A
.u2	OFF	0.000000 V 	0.000000 A
.u3	OFF	0.000000 V 	0.000000 A
.u100	OFF	0.000000 V 	0.000000 A
.u101	OFF	0.000000 V 	0.000000 A
.u102	OFF	0.000000 V 	0.000000 A
.u103	OFF	0.000000 V 	0.000000 A
.u104	OFF	0.000000 V 	0.000000 A
.u105	OFF	0.000000 V 	0.000000 A
.u106	OFF	0.000000 V 	0.000000 A
.u107	OFF	0.000000 V 	0.000000 A
.u200	OFF	0.000000 V 	0.000000 A
.u201	OFF	0.000000 V 	0.000000 A
.u202	OFF	0.000000 V 	0.000000 A
.u203	OFF	0.000000 V 	0.000000 A
.u204	OFF	0.000000 V 	0.000000 A
.u205	OFF	0.000000 V 	0.000000 A
.u206	OFF	0.000000 V 	0.000000 A
.u207	OFF	0.000000 V 	0.000000 A
2023-07-18 17:35:49.735673
.u0	ILOCK	0.000000 V 	0.000000 A
.u1	ILOCK	0.000000 V 	0.000000 A
.u2	OFF	0.000000 V 	0.000000 A
.u3	OFF	0.000000 V 	0.000000 A
.u100	OFF	0.000000 V 	0.000000 A
.u101	OFF	0.000000 V 	0.000000 A
.u102	OFF	0.000000 V 	0.000000 A
.u103	OFF	0.000000 V 	0.000000 A
.u104	OFF	0.000000 V 	0.000000 A
.u105	OFF	0.000000 V 	0.000000 A
.u106	OFF	0.000000 V 	0.000000 A
.u107	OFF	0.000000 V 	0.000000 A
.u200	OFF	0.000000 V 	0.000000 A
.u201	OFF	0.000000 V 	0.000000 A
.u202	OFF	0.000000 V 	0.000000 A
.u203	OFF	0.000000 V 	0.000000 A
.u204	OFF	0.000000 V 	0.000000 A
.u205	OFF	0.000000 V 	0.000000 A
.u206	OFF	0.000000 V 	0.000000 A
.u207	OFF	0.000000 V 	0.000000 A
2023-07-18 17:46:45.704092
.u0	ILOCK	0.000000 V 	0.000000 A
.u1	ILOCK	0.000000 V 	0.000000 A
.u2	OFF	0.000000 V 	0.000000 A
.u3	OFF	0.000000 V 	0.000000 A
.u100	OFF	0.000000 V 	0.000000 A
.u101	OFF	0.000000 V 	0.000000 A
.u102	OFF	0.000000 V 	0.000000 A
.u103	OFF	0.000000 V 	0.000000 A
.u104	OFF	0.000000 V 	0.000000 A
.u105	OFF	0.000000 V 	0.000000 A
.u106	OFF	0.000000 V 	0.000000 A
.u107	OFF	0.000000 V 	0.000000 A
.u200	OFF	0.000000 V 	0.000000 A
.u201	OFF	0.000000 V 	0.000000 A
.u202	OFF	0.000000 V 	0.000000 A
.u203	OFF	0.000000 V 	0.000000 A
.u204	OFF	0.000000 V 	0.000000 A
.u205	OFF	0.000000 V 	0.000000 A
.u206	OFF	0.000000 V 	0.000000 A
.u207	OFF	0.000000 V 	0.000000 A
2023-07-18 17:46:59.115351
.u0	ILOCK	0.000000 V 	0.000000 A
.u1	ILOCK	0.000000 V 	0.000000 A
.u2	OFF	0.000000 V 	0.000000 A
.u3	OFF	0.000000 V 	0.000000 A
.u100	OFF	0.000000 V 	0.000000 A
.u101	OFF	0.000000 V 	0.000000 A
.u102	OFF	0.000000 V 	0.000000 A
.u103	OFF	0.000000 V 	0.000000 A
.u104	OFF	0.000000 V 	0.000000 A
.u105	OFF	0.000000 V 	0.000000 A
.u106	OFF	0.000000 V 	0.000000 A
.u107	OFF	0.000000 V 	0.000000 A
.u200	OFF	0.000000 V 	0.000000 A
.u201	OFF	0.000000 V 	0.000000 A
.u202	OFF	0.000000 V 	0.000000 A
.u203	OFF	0.000000 V 	0.000000 A
.u204	OFF	0.000000 V 	0.000000 A
.u205	OFF	0.000000 V 	0.000000 A
.u206	OFF	0.000000 V 	0.000000 A
.u207	OFF	0.000000 V 	0.000000 A
2023-07-18 17:48:22.657868
.u0	ILOCK	0.000000 V 	0.000000 A
.u1	ILOCK	0.000000 V 	0.000000 A
.u2	OFF	0.000000 V 	0.000000 A
.u3	OFF	0.000000 V 	0.000000 A
.u100	OFF	0.000000 V 	0.000000 A
.u101	OFF	0.000000 V 	0.000000 A
.u102	OFF	0.000000 V 	0.000000 A
.u103	OFF	0.000000 V 	0.000000 A
.u104	OFF	0.000000 V 	0.000000 A
.u105	OFF	0.000000 V 	0.000000 A
.u106	OFF	0.000000 V 	0.000000 A
.u107	OFF	0.000000 V 	0.000000 A
.u200	OFF	0.000000 V 	0.000000 A
.u201	OFF	0.000000 V 	0.000000 A
.u202	OFF	0.000000 V 	0.000000 A
.u203	OFF	0.000000 V 	0.000000 A
.u204	OFF	0.000000 V 	0.000000 A
.u205	OFF	0.000000 V 	0.000000 A
.u206	OFF	0.000000 V 	0.000000 A
.u207	OFF	0.000000 V 	0.000000 A
2023-07-18 17:48:34.792823
.u0	ILOCK	0.000000 V 	0.000000 A
.u1	ILOCK	0.000000 V 	0.000000 A
.u2	OFF	0.000000 V 	0.000000 A
.u3	OFF	0.000000 V 	0.000000 A
.u100	OFF	0.000000 V 	0.000000 A
.u101	OFF	0.000000 V 	0.000000 A
.u102	OFF	0.000000 V 	0.000000 A
.u103	OFF	0.000000 V 	0.000000 A
.u104	OFF	0.000000 V 	0.000000 A
.u105	OFF	0.000000 V 	0.000000 A
.u106	OFF	0.000000 V 	0.000000 A
.u107	OFF	0.000000 V 	0.000000 A
.u200	OFF	0.000000 V 	0.000000 A
.u201	OFF	0.000000 V 	0.000000 A
.u202	OFF	0.000000 V 	0.000000 A
.u203	OFF	0.000000 V 	0.000000 A
.u204	OFF	0.000000 V 	0.000000 A
.u205	OFF	0.000000 V 	0.000000 A
.u206	OFF	0.000000 V 	0.000000 A
.u207	OFF	0.000000 V 	0.000000 A
2023-07-18 17:49:56.881919
.u0	ILOCK	0.000000 V 	0.000000 A
.u1	ILOCK	0.000000 V 	0.000000 A
.u2	OFF	0.000000 V 	0.000000 A
.u3	OFF	0.000000 V 	0.000000 A
.u100	OFF	0.000000 V 	0.000000 A
.u101	OFF	0.000000 V 	0.000000 A
.u102	OFF	0.000000 V 	0.000000 A
.u103	OFF	0.000000 V 	0.000000 A
.u104	OFF	0.000000 V 	0.000000 A
.u105	OFF	0.000000 V 	0.000000 A
.u106	OFF	0.000000 V 	0.000000 A
.u107	OFF	0.000000 V 	0.000000 A
.u200	OFF	0.000000 V 	0.000000 A
.u201	OFF	0.000000 V 	0.000000 A
.u202	OFF	0.000000 V 	0.000000 A
.u203	OFF	0.000000 V 	0.000000 A
.u204	OFF	0.000000 V 	0.000000 A
.u205	OFF	0.000000 V 	0.000000 A
.u206	OFF	0.000000 V 	0.000000 A
.u207	OFF	0.000000 V 	0.000000 A
2023-07-18 17:50:09.358510
.u0	ILOCK	0.000000 V 	0.000000 A
.u1	ILOCK	0.000000 V 	0.000000 A
.u2	OFF	0.000000 V 	0.000000 A
.u3	OFF	0.000000 V 	0.000000 A
.u100	OFF	0.000000 V 	0.000000 A
.u101	OFF	0.000000 V 	0.000000 A
.u102	OFF	0.000000 V 	0.000000 A
.u103	OFF	0.000000 V 	0.000000 A
.u104	OFF	0.000000 V 	0.000000 A
.u105	OFF	0.000000 V 	0.000000 A
.u106	OFF	0.000000 V 	0.000000 A
.u107	OFF	0.000000 V 	0.000000 A
.u200	OFF	0.000000 V 	0.000000 A
.u201	OFF	0.000000 V 	0.000000 A
.u202	OFF	0.000000 V 	0.000000 A
.u203	OFF	0.000000 V 	0.000000 A
.u204	OFF	0.000000 V 	0.000000 A
.u205	OFF	0.000000 V 	0.000000 A
.u206	OFF	0.000000 V 	0.000000 A
.u207	OFF	0.000000 V 	0.000000 A
2023-07-18 18:30:42.659099
.u0	ILOCK	0.000000 V 	0.000000 A
.u1	ILOCK	0.000000 V 	0.000000 A
.u2	OFF	0.000000 V 	0.000000 A
.u3	OFF	0.000000 V 	0.000000 A
.u100	OFF	0.000000 V 	0.000000 A
.u101	OFF	0.000000 V 	0.000000 A
.u102	OFF	0.000000 V 	0.000000 A
.u103	OFF	0.000000 V 	0.000000 A
.u104	OFF	0.000000 V 	0.000000 A
.u105	OFF	0.000000 V 	0.000000 A
.u106	OFF	0.000000 V 	0.000000 A
.u107	OFF	0.000000 V 	0.000000 A
.u200	OFF	0.000000 V 	0.000000 A
.u201	OFF	0.000000 V 	0.000000 A
.u202	OFF	0.000000 V 	0.000000 A
.u203	OFF	0.000000 V 	0.000000 A
.u204	OFF	0.000000 V 	0.000000 A
.u205	OFF	0.000000 V 	0.000000 A
.u206	OFF	0.000000 V 	0.000000 A
.u207	OFF	0.000000 V 	0.000000 A
2023-07-18 18:31:02.677191
.u0	ILOCK	0.000000 V 	0.000000 A
.u1	ILOCK	0.000000 V 	0.000000 A
.u2	OFF	0.000000 V 	0.000000 A
.u3	OFF	0.000000 V 	0.000000 A
.u100	OFF	0.000000 V 	0.000000 A
.u101	OFF	0.000000 V 	0.000000 A
.u102	OFF	0.000000 V 	0.000000 A
.u103	OFF	0.000000 V 	0.000000 A
.u104	OFF	0.000000 V 	0.000000 A
.u105	OFF	0.000000 V 	0.000000 A
.u106	OFF	0.000000 V 	0.000000 A
.u107	OFF	0.000000 V 	0.000000 A
.u200	OFF	0.000000 V 	0.000000 A
.u201	OFF	0.000000 V 	0.000000 A
.u202	OFF	0.000000 V 	0.000000 A
.u203	OFF	0.000000 V 	0.000000 A
.u204	OFF	0.000000 V 	0.000000 A
.u205	OFF	0.000000 V 	0.000000 A
.u206	OFF	0.000000 V 	0.000000 A
.u207	OFF	0.000000 V 	0.000000 A
2023-07-18 18:34:06.678704
.u0	ILOCK	0.000000 V 	0.000000 A
.u1	ILOCK	0.000000 V 	0.000000 A
.u2	OFF	0.000000 V 	0.000000 A
.u3	OFF	0.000000 V 	0.000000 A
.u100	OFF	0.000000 V 	0.000000 A
.u101	OFF	0.000000 V 	0.000000 A
.u102	OFF	0.000000 V 	0.000000 A
.u103	OFF	0.000000 V 	0.000000 A
.u104	OFF	0.000000 V 	0.000000 A
.u105	OFF	0.000000 V 	0.000000 A
.u106	OFF	0.000000 V 	0.000000 A
.u107	OFF	0.000000 V 	0.000000 A
.u200	OFF	0.000000 V 	0.000000 A
.u201	OFF	0.000000 V 	0.000000 A
.u202	OFF	0.000000 V 	0.000000 A
.u203	OFF	0.000000 V 	0.000000 A
.u204	OFF	0.000000 V 	0.000000 A
.u205	OFF	0.000000 V 	0.000000 A
.u206	OFF	0.000000 V 	0.000000 A
.u207	OFF	0.000000 V 	0.000000 A
2023-07-18 18:34:22.267854
.u0	ILOCK	0.000000 V 	0.000000 A
.u1	ILOCK	0.000000 V 	0.000000 A
.u2	OFF	0.000000 V 	0.000000 A
.u3	OFF	0.000000 V 	0.000000 A
.u100	OFF	0.000000 V 	0.000000 A
.u101	OFF	0.000000 V 	0.000000 A
.u102	OFF	0.000000 V 	0.000000 A
.u103	OFF	0.000000 V 	0.000000 A
.u104	OFF	0.000000 V 	0.000000 A
.u105	OFF	0.000000 V 	0.000000 A
.u106	OFF	0.000000 V 	0.000000 A
.u107	OFF	0.000000 V 	0.000000 A
.u200	OFF	0.000000 V 	0.000000 A
.u201	OFF	0.000000 V 	0.000000 A
.u202	OFF	0.000000 V 	0.000000 A
.u203	OFF	0.000000 V 	0.000000 A
.u204	OFF	0.000000 V 	0.000000 A
.u205	OFF	0.000000 V 	0.000000 A
.u206	OFF	0.000000 V 	0.000000 A
.u207	OFF	0.000000 V 	0.000000 A
2023-07-18 18:37:10.592474
.u0	ILOCK	0.000000 V 	0.000000 A
.u1	ILOCK	0.000000 V 	0.000000 A
.u2	OFF	0.000000 V 	0.000000 A
.u3	OFF	0.000000 V 	0.000000 A
.u100	OFF	0.000000 V 	0.000000 A
.u101	OFF	0.000000 V 	0.000000 A
.u102	OFF	0.000000 V 	0.000000 A
.u103	OFF	0.000000 V 	0.000000 A
.u104	OFF	0.000000 V 	0.000000 A
.u105	OFF	0.000000 V 	0.000000 A
.u106	OFF	0.000000 V 	0.000000 A
.u107	OFF	0.000000 V 	0.000000 A
.u200	OFF	0.000000 V 	0.000000 A
.u201	OFF	0.000000 V 	0.000000 A
.u202	OFF	0.000000 V 	0.000000 A
.u203	OFF	0.000000 V 	0.000000 A
.u204	OFF	0.000000 V 	0.000000 A
.u205	OFF	0.000000 V 	0.000000 A
.u206	OFF	0.000000 V 	0.000000 A
.u207	OFF	0.000000 V 	0.000000 A
2023-07-18 18:40:27.107019
.u0	ILOCK	0.000000 V 	0.000000 A
.u1	ILOCK	0.000000 V 	0.000000 A
.u2	OFF	0.000000 V 	0.000000 A
.u3	OFF	0.000000 V 	0.000000 A
.u100	OFF	0.000000 V 	0.000000 A
.u101	OFF	0.000000 V 	0.000000 A
.u102	OFF	0.000000 V 	0.000000 A
.u103	OFF	0.000000 V 	0.000000 A
.u104	OFF	0.000000 V 	0.000000 A
.u105	OFF	0.000000 V 	0.000000 A
.u106	OFF	0.000000 V 	0.000000 A
.u107	OFF	0.000000 V 	0.000000 A
.u200	OFF	0.000000 V 	0.000000 A
.u201	OFF	0.000000 V 	0.000000 A
.u202	OFF	0.000000 V 	0.000000 A
.u203	OFF	0.000000 V 	0.000000 A
.u204	OFF	0.000000 V 	0.000000 A
.u205	OFF	0.000000 V 	0.000000 A
.u206	OFF	0.000000 V 	0.000000 A
.u207	OFF	0.000000 V 	0.000000 A
2023-07-18 18:41:23.441147
.u0	ILOCK	0.000000 V 	0.000000 A
.u1	ILOCK	0.000000 V 	0.000000 A
.u2	OFF	0.000000 V 	0.000000 A
.u3	OFF	0.000000 V 	0.000000 A
.u100	OFF	0.000000 V 	0.000000 A
.u101	OFF	0.000000 V 	0.000000 A
.u102	OFF	0.000000 V 	0.000000 A
.u103	OFF	0.000000 V 	0.000000 A
.u104	OFF	0.000000 V 	0.000000 A
.u105	OFF	0.000000 V 	0.000000 A
.u106	OFF	0.000000 V 	0.000000 A
.u107	OFF	0.000000 V 	0.000000 A
.u200	OFF	0.000000 V 	0.000000 A
.u201	OFF	0.000000 V 	0.000000 A
.u202	OFF	0.000000 V 	0.000000 A
.u203	OFF	0.000000 V 	0.000000 A
.u204	OFF	0.000000 V 	0.000000 A
.u205	OFF	0.000000 V 	0.000000 A
.u206	OFF	0.000000 V 	0.000000 A
.u207	OFF	0.000000 V 	0.000000 A
2023-07-18 18:52:03.361239
.u0	ILOCK	0.000000 V 	0.000000 A
.u1	ILOCK	0.000000 V 	0.000000 A
.u2	OFF	0.000000 V 	0.000000 A
.u3	OFF	0.000000 V 	0.000000 A
.u100	OFF	0.000000 V 	0.000000 A
.u101	OFF	0.000000 V 	0.000000 A
.u102	OFF	0.000000 V 	0.000000 A
.u103	OFF	0.000000 V 	0.000000 A
.u104	OFF	0.000000 V 	0.000000 A
.u105	OFF	0.000000 V 	0.000000 A
.u106	OFF	0.000000 V 	0.000000 A
.u107	OFF	0.000000 V 	0.000000 A
.u200	OFF	0.000000 V 	0.000000 A
.u201	OFF	0.000000 V 	0.000000 A
.u202	OFF	0.000000 V 	0.000000 A
.u203	OFF	0.000000 V 	0.000000 A
.u204	OFF	0.000000 V 	0.000000 A
.u205	OFF	0.000000 V 	0.000000 A
.u206	OFF	0.000000 V 	0.000000 A
.u207	OFF	0.000000 V 	0.000000 A
2023-07-18 18:59:26.028505
.u0	ILOCK	0.000000 V 	0.000000 A
.u1	ILOCK	0.000000 V 	0.000000 A
.u2	OFF	0.000000 V 	0.000000 A
.u3	OFF	0.000000 V 	0.000000 A
.u100	OFF	0.000000 V 	0.000000 A
.u101	OFF	0.000000 V 	0.000000 A
.u102	OFF	0.000000 V 	0.000000 A
.u103	OFF	0.000000 V 	0.000000 A
.u104	OFF	0.000000 V 	0.000000 A
.u105	OFF	0.000000 V 	0.000000 A
.u106	OFF	0.000000 V 	0.000000 A
.u107	OFF	0.000000 V 	0.000000 A
.u200	OFF	0.000000 V 	0.000000 A
.u201	OFF	0.000000 V 	0.000000 A
.u202	OFF	0.000000 V 	0.000000 A
.u203	OFF	0.000000 V 	0.000000 A
.u204	OFF	0.000000 V 	0.000000 A
.u205	OFF	0.000000 V 	0.000000 A
.u206	OFF	0.000000 V 	0.000000 A
.u207	OFF	0.000000 V 	0.000000 A
2023-07-18 19:00:31.169850
.u0	ILOCK	0.000000 V 	0.000000 A
.u1	ILOCK	0.000000 V 	0.000000 A
.u2	OFF	0.000000 V 	0.000000 A
.u3	OFF	0.000000 V 	0.000000 A
.u100	OFF	0.000000 V 	0.000000 A
.u101	OFF	0.000000 V 	0.000000 A
.u102	OFF	0.000000 V 	0.000000 A
.u103	OFF	0.000000 V 	0.000000 A
.u104	OFF	0.000000 V 	0.000000 A
.u105	OFF	0.000000 V 	0.000000 A
.u106	OFF	0.000000 V 	0.000000 A
.u107	OFF	0.000000 V 	0.000000 A
.u200	OFF	0.000000 V 	0.000000 A
.u201	OFF	0.000000 V 	0.000000 A
.u202	OFF	0.000000 V 	0.000000 A
.u203	OFF	0.000000 V 	0.000000 A
.u204	OFF	0.000000 V 	0.000000 A
.u205	OFF	0.000000 V 	0.000000 A
.u206	OFF	0.000000 V 	0.000000 A
.u207	OFF	0.000000 V 	0.000000 A
2023-07-18 19:01:19.061175
.u0	ILOCK	0.000000 V 	0.000000 A
.u1	ILOCK	0.000000 V 	0.000000 A
.u2	OFF	0.000000 V 	0.000000 A
.u3	OFF	0.000000 V 	0.000000 A
.u100	OFF	0.000000 V 	0.000000 A
.u101	OFF	0.000000 V 	0.000000 A
.u102	OFF	0.000000 V 	0.000000 A
.u103	OFF	0.000000 V 	0.000000 A
.u104	OFF	0.000000 V 	0.000000 A
.u105	OFF	0.000000 V 	0.000000 A
.u106	OFF	0.000000 V 	0.000000 A
.u107	OFF	0.000000 V 	0.000000 A
.u200	OFF	0.000000 V 	0.000000 A
.u201	OFF	0.000000 V 	0.000000 A
.u202	OFF	0.000000 V 	0.000000 A
.u203	OFF	0.000000 V 	0.000000 A
.u204	OFF	0.000000 V 	0.000000 A
.u205	OFF	0.000000 V 	0.000000 A
.u206	OFF	0.000000 V 	0.000000 A
.u207	OFF	0.000000 V 	0.000000 A
2023-07-18 19:01:46.693331
.u0	ILOCK	0.000000 V 	0.000000 A
.u1	ILOCK	0.000000 V 	0.000000 A
.u2	OFF	0.000000 V 	0.000000 A
.u3	OFF	0.000000 V 	0.000000 A
.u100	OFF	0.000000 V 	0.000000 A
.u101	OFF	0.000000 V 	0.000000 A
.u102	OFF	0.000000 V 	0.000000 A
.u103	OFF	0.000000 V 	0.000000 A
.u104	OFF	0.000000 V 	0.000000 A
.u105	OFF	0.000000 V 	0.000000 A
.u106	OFF	0.000000 V 	0.000000 A
.u107	OFF	0.000000 V 	0.000000 A
.u200	OFF	0.000000 V 	0.000000 A
.u201	OFF	0.000000 V 	0.000000 A
.u202	OFF	0.000000 V 	0.000000 A
.u203	OFF	0.000000 V 	0.000000 A
.u204	OFF	0.000000 V 	0.000000 A
.u205	OFF	0.000000 V 	0.000000 A
.u206	OFF	0.000000 V 	0.000000 A
.u207	OFF	0.000000 V 	0.000000 A
2023-07-18 19:01:58.753997
.u0	ILOCK	0.000000 V 	0.000000 A
.u1	ILOCK	0.000000 V 	0.000000 A
.u2	OFF	0.000000 V 	0.000000 A
.u3	OFF	0.000000 V 	0.000000 A
.u100	OFF	0.000000 V 	0.000000 A
.u101	OFF	0.000000 V 	0.000000 A
.u102	OFF	0.000000 V 	0.000000 A
.u103	OFF	0.000000 V 	0.000000 A
.u104	OFF	0.000000 V 	0.000000 A
.u105	OFF	0.000000 V 	0.000000 A
.u106	OFF	0.000000 V 	0.000000 A
.u107	OFF	0.000000 V 	0.000000 A
.u200	OFF	0.000000 V 	0.000000 A
.u201	OFF	0.000000 V 	0.000000 A
.u202	OFF	0.000000 V 	0.000000 A
.u203	OFF	0.000000 V 	0.000000 A
.u204	OFF	0.000000 V 	0.000000 A
.u205	OFF	0.000000 V 	0.000000 A
.u206	OFF	0.000000 V 	0.000000 A
.u207	OFF	0.000000 V 	0.000000 A
2023-07-18 19:02:10.309062
.u0	ILOCK	0.000000 V 	0.000000 A
.u1	ILOCK	0.000000 V 	0.000000 A
.u2	OFF	0.000000 V 	0.000000 A
.u3	OFF	0.000000 V 	0.000000 A
.u100	OFF	0.000000 V 	0.000000 A
.u101	OFF	0.000000 V 	0.000000 A
.u102	OFF	0.000000 V 	0.000000 A
.u103	OFF	0.000000 V 	0.000000 A
.u104	OFF	0.000000 V 	0.000000 A
.u105	OFF	0.000000 V 	0.000000 A
.u106	OFF	0.000000 V 	0.000000 A
.u107	OFF	0.000000 V 	0.000000 A
.u200	OFF	0.000000 V 	0.000000 A
.u201	OFF	0.000000 V 	0.000000 A
.u202	OFF	0.000000 V 	0.000000 A
.u203	OFF	0.000000 V 	0.000000 A
.u204	OFF	0.000000 V 	0.000000 A
.u205	OFF	0.000000 V 	0.000000 A
.u206	OFF	0.000000 V 	0.000000 A
.u207	OFF	0.000000 V 	0.000000 A
2023-07-18 19:02:53.545284
.u0	ILOCK	0.000000 V 	0.000000 A
.u1	ILOCK	0.000000 V 	0.000000 A
.u2	OFF	0.000000 V 	0.000000 A
.u3	OFF	0.000000 V 	0.000000 A
.u100	OFF	0.000000 V 	0.000000 A
.u101	OFF	0.000000 V 	0.000000 A
.u102	OFF	0.000000 V 	0.000000 A
.u103	OFF	0.000000 V 	0.000000 A
.u104	OFF	0.000000 V 	0.000000 A
.u105	OFF	0.000000 V 	0.000000 A
.u106	OFF	0.000000 V 	0.000000 A
.u107	OFF	0.000000 V 	0.000000 A
.u200	OFF	0.000000 V 	0.000000 A
.u201	OFF	0.000000 V 	0.000000 A
.u202	OFF	0.000000 V 	0.000000 A
.u203	OFF	0.000000 V 	0.000000 A
.u204	OFF	0.000000 V 	0.000000 A
.u205	OFF	0.000000 V 	0.000000 A
.u206	OFF	0.000000 V 	0.000000 A
.u207	OFF	0.000000 V 	0.000000 A
2023-07-18 19:30:56.175582
.u0	ILOCK	0.000000 V 	0.000000 A
.u1	ILOCK	0.000000 V 	0.000000 A
.u2	OFF	0.000000 V 	0.000000 A
.u3	OFF	0.000000 V 	0.000000 A
.u100	OFF	0.000000 V 	0.000000 A
.u101	OFF	0.000000 V 	0.000000 A
.u102	OFF	0.000000 V 	0.000000 A
.u103	OFF	0.000000 V 	0.000000 A
.u104	OFF	0.000000 V 	0.000000 A
.u105	OFF	0.000000 V 	0.000000 A
.u106	OFF	0.000000 V 	0.000000 A
.u107	OFF	0.000000 V 	0.000000 A
.u200	OFF	0.000000 V 	0.000000 A
.u201	OFF	0.000000 V 	0.000000 A
.u202	OFF	0.000000 V 	0.000000 A
.u203	OFF	0.000000 V 	0.000000 A
.u204	OFF	0.000000 V 	0.000000 A
.u205	OFF	0.000000 V 	0.000000 A
.u206	OFF	0.000000 V 	0.000000 A
.u207	OFF	0.000000 V 	0.000000 A
2023-07-18 20:13:15.146187
.u0	ILOCK	0.000000 V 	0.000000 A
.u1	ILOCK	0.000000 V 	0.000000 A
.u2	OFF	0.000000 V 	0.000000 A
.u3	OFF	0.000000 V 	0.000000 A
.u100	OFF	0.000000 V 	0.000000 A
.u101	OFF	0.000000 V 	0.000000 A
.u102	OFF	0.000000 V 	0.000000 A
.u103	OFF	0.000000 V 	0.000000 A
.u104	OFF	0.000000 V 	0.000000 A
.u105	OFF	0.000000 V 	0.000000 A
.u106	OFF	0.000000 V 	0.000000 A
.u107	OFF	0.000000 V 	0.000000 A
.u200	OFF	0.000000 V 	0.000000 A
.u201	OFF	0.000000 V 	0.000000 A
.u202	OFF	0.000000 V 	0.000000 A
.u203	OFF	0.000000 V 	0.000000 A
.u204	OFF	0.000000 V 	0.000000 A
.u205	OFF	0.000000 V 	0.000000 A
.u206	OFF	0.000000 V 	0.000000 A
.u207	OFF	0.000000 V 	0.000000 A
2023-07-18 20:13:56.441442
.u0	ILOCK	0.000000 V 	0.000000 A
.u1	ILOCK	0.000000 V 	0.000000 A
.u2	OFF	0.000000 V 	0.000000 A
.u3	OFF	0.000000 V 	0.000000 A
.u100	OFF	0.000000 V 	0.000000 A
.u101	OFF	0.000000 V 	0.000000 A
.u102	OFF	0.000000 V 	0.000000 A
.u103	OFF	0.000000 V 	0.000000 A
.u104	OFF	0.000000 V 	0.000000 A
.u105	OFF	0.000000 V 	0.000000 A
.u106	OFF	0.000000 V 	0.000000 A
.u107	OFF	0.000000 V 	0.000000 A
.u200	OFF	0.000000 V 	0.000000 A
.u201	OFF	0.000000 V 	0.000000 A
.u202	OFF	0.000000 V 	0.000000 A
.u203	OFF	0.000000 V 	0.000000 A
.u204	OFF	0.000000 V 	0.000000 A
.u205	OFF	0.000000 V 	0.000000 A
.u206	OFF	0.000000 V 	0.000000 A
.u207	OFF	0.000000 V 	0.000000 A
2023-07-18 21:10:50.849704
.u0	['WIENER-CRATE-MIB::outputStatus.u0 = No Such Instance currently exists at this OID', '']	0.000000 V 	0.000000 A
.u1	ILOCK	0.000000 V 	0.000000 A
.u2	OFF	0.000000 V 	0.000000 A
.u3	OFF	0.000000 V 	0.000000 A
.u100	OFF	0.000000 V 	0.000000 A
.u101	OFF	0.000000 V 	0.000000 A
.u102	OFF	0.000000 V 	0.000000 A
.u103	OFF	0.000000 V 	0.000000 A
.u104	OFF	0.000000 V 	0.000000 A
.u105	OFF	0.000000 V 	0.000000 A
.u106	OFF	0.000000 V 	0.000000 A
.u107	OFF	0.000000 V 	0.000000 A
.u200	OFF	0.000000 V 	0.000000 A
.u201	OFF	0.000000 V 	0.000000 A
.u202	OFF	0.000000 V 	0.000000 A
.u203	OFF	0.000000 V 	0.000000 A
.u204	OFF	0.000000 V 	0.000000 A
.u205	OFF	0.000000 V 	0.000000 A
.u206	OFF	0.000000 V 	0.000000 A
.u207	OFF	0.000000 V 	0.000000 A
2023-07-18 21:11:02.583740
.u0	ILOCK	0.000000 V 	0.000000 A
.u1	ILOCK	0.000000 V 	0.000000 A
.u2	OFF	0.000000 V 	0.000000 A
.u3	OFF	0.000000 V 	0.000000 A
.u100	OFF	0.000000 V 	0.000000 A
.u101	OFF	0.000000 V 	0.000000 A
.u102	OFF	0.000000 V 	0.000000 A
.u103	OFF	0.000000 V 	0.000000 A
.u104	OFF	0.000000 V 	0.000000 A
.u105	OFF	0.000000 V 	0.000000 A
.u106	OFF	0.000000 V 	0.000000 A
.u107	OFF	0.000000 V 	0.000000 A
.u200	OFF	0.000000 V 	0.000000 A
.u201	OFF	0.000000 V 	0.000000 A
.u202	OFF	0.000000 V 	0.000000 A
.u203	OFF	0.000000 V 	0.000000 A
.u204	OFF	0.000000 V 	0.000000 A
.u205	OFF	0.000000 V 	0.000000 A
.u206	OFF	0.000000 V 	0.000000 A
.u207	OFF	0.000000 V 	0.000000 A
2023-07-20 11:00:24.574687
.u0	ILOCK	0.000000 V 	0.000000 A
.u1	ILOCK	0.000000 V 	0.000000 A
.u2	OFF	0.000000 V 	0.000000 A
.u3	OFF	0.000000 V 	0.000000 A
.u100	OFF	0.000000 V 	0.000000 A
.u101	OFF	0.000000 V 	0.000000 A
.u102	OFF	0.000000 V 	0.000000 A
.u103	OFF	0.000000 V 	0.000000 A
.u104	OFF	0.000000 V 	0.000000 A
.u105	OFF	0.000000 V 	0.000000 A
.u106	OFF	0.000000 V 	0.000000 A
.u107	OFF	0.000000 V 	0.000000 A
.u200	OFF	0.000000 V 	0.000000 A
.u201	OFF	0.000000 V 	0.000000 A
.u202	OFF	0.000000 V 	0.000000 A
.u203	OFF	0.000000 V 	0.000000 A
.u204	OFF	0.000000 V 	0.000000 A
.u205	OFF	0.000000 V 	0.000000 A
.u206	OFF	0.000000 V 	0.000000 A
.u207	OFF	0.000000 V 	0.000000 A
2023-07-20 11:01:15.560988
.u0	ILOCK	0.000000 V 	0.000000 A
.u1	ILOCK	0.000000 V 	0.000000 A
.u2	OFF	0.000000 V 	0.000000 A
.u3	OFF	0.000000 V 	0.000000 A
.u100	OFF	0.000000 V 	0.000000 A
.u101	OFF	0.000000 V 	0.000000 A
.u102	OFF	0.000000 V 	0.000000 A
.u103	OFF	0.000000 V 	0.000000 A
.u104	OFF	0.000000 V 	0.000000 A
.u105	OFF	0.000000 V 	0.000000 A
.u106	OFF	0.000000 V 	0.000000 A
.u107	OFF	0.000000 V 	0.000000 A
.u200	OFF	0.000000 V 	0.000000 A
.u201	OFF	0.000000 V 	0.000000 A
.u202	OFF	0.000000 V 	0.000000 A
.u203	OFF	0.000000 V 	0.000000 A
.u204	OFF	0.000000 V 	0.000000 A
.u205	OFF	0.000000 V 	0.000000 A
.u206	OFF	0.000000 V 	0.000000 A
.u207	OFF	0.000000 V 	0.000000 A
2023-07-20 11:01:39.836151
.u0	ILOCK	0.000000 V 	0.000000 A
.u1	ILOCK	0.000000 V 	0.000000 A
.u2	OFF	0.000000 V 	0.000000 A
.u3	OFF	0.000000 V 	0.000000 A
.u100	OFF	0.000000 V 	0.000000 A
.u101	OFF	0.000000 V 	0.000000 A
.u102	OFF	0.000000 V 	0.000000 A
.u103	OFF	0.000000 V 	0.000000 A
.u104	OFF	0.000000 V 	0.000000 A
.u105	OFF	0.000000 V 	0.000000 A
.u106	OFF	0.000000 V 	0.000000 A
.u107	OFF	0.000000 V 	0.000000 A
.u200	OFF	0.000000 V 	0.000000 A
.u201	OFF	0.000000 V 	0.000000 A
.u202	OFF	0.000000 V 	0.000000 A
.u203	OFF	0.000000 V 	0.000000 A
.u204	OFF	0.000000 V 	0.000000 A
.u205	OFF	0.000000 V 	0.000000 A
.u206	OFF	0.000000 V 	0.000000 A
.u207	OFF	0.000000 V 	0.000000 A
2023-07-20 11:20:05.280134
.u0	ILOCK	0.000000 V 	0.000000 A
.u1	ILOCK	0.000000 V 	0.000000 A
.u2	OFF	0.000000 V 	0.000000 A
.u3	OFF	0.000000 V 	0.000000 A
.u100	OFF	0.000000 V 	0.000000 A
.u101	OFF	0.000000 V 	0.000000 A
.u102	OFF	0.000000 V 	0.000000 A
.u103	OFF	0.000000 V 	0.000000 A
.u104	OFF	0.000000 V 	0.000000 A
.u105	OFF	0.000000 V 	0.000000 A
.u106	OFF	0.000000 V 	0.000000 A
.u107	OFF	0.000000 V 	0.000000 A
.u200	OFF	0.000000 V 	0.000000 A
.u201	OFF	0.000000 V 	0.000000 A
.u202	OFF	0.000000 V 	0.000000 A
.u203	OFF	0.000000 V 	0.000000 A
.u204	OFF	0.000000 V 	0.000000 A
.u205	OFF	0.000000 V 	0.000000 A
.u206	OFF	0.000000 V 	0.000000 A
.u207	OFF	0.000000 V 	0.000000 A
2023-07-20 11:30:27.925547
.u0	ILOCK	0.000000 V 	0.000000 A
.u1	ILOCK	0.000000 V 	0.000000 A
.u2	OFF	0.000000 V 	0.000000 A
.u3	OFF	0.000000 V 	0.000000 A
.u100	OFF	0.000000 V 	0.000000 A
.u101	OFF	0.000000 V 	0.000000 A
.u102	OFF	0.000000 V 	0.000000 A
.u103	OFF	0.000000 V 	0.000000 A
.u104	OFF	0.000000 V 	0.000000 A
.u105	OFF	0.000000 V 	0.000000 A
.u106	OFF	0.000000 V 	0.000000 A
.u107	OFF	0.000000 V 	0.000000 A
.u200	OFF	0.000000 V 	0.000000 A
.u201	OFF	0.000000 V 	0.000000 A
.u202	OFF	0.000000 V 	0.000000 A
.u203	OFF	0.000000 V 	0.000000 A
.u204	OFF	0.000000 V 	0.000000 A
.u205	OFF	0.000000 V 	0.000000 A
.u206	OFF	0.000000 V 	0.000000 A
.u207	OFF	0.000000 V 	0.000000 A
2023-07-20 11:40:42.406153
.u0	ILOCK	0.000000 V 	0.000000 A
.u1	ILOCK	0.000000 V 	0.000000 A
.u2	OFF	0.000000 V 	0.000000 A
.u3	OFF	0.000000 V 	0.000000 A
.u100	OFF	0.000000 V 	0.000000 A
.u101	OFF	0.000000 V 	0.000000 A
.u102	OFF	0.000000 V 	0.000000 A
.u103	OFF	0.000000 V 	0.000000 A
.u104	OFF	0.000000 V 	0.000000 A
.u105	OFF	0.000000 V 	0.000000 A
.u106	OFF	0.000000 V 	0.000000 A
.u107	OFF	0.000000 V 	0.000000 A
.u200	OFF	0.000000 V 	0.000000 A
.u201	OFF	0.000000 V 	0.000000 A
.u202	OFF	0.000000 V 	0.000000 A
.u203	OFF	0.000000 V 	0.000000 A
.u204	OFF	0.000000 V 	0.000000 A
.u205	OFF	0.000000 V 	0.000000 A
.u206	OFF	0.000000 V 	0.000000 A
.u207	OFF	0.000000 V 	0.000000 A
2023-07-20 11:42:18.946501
.u0	ILOCK	0.000000 V 	0.000000 A
.u1	ILOCK	0.000000 V 	0.000000 A
.u2	OFF	0.000000 V 	0.000000 A
.u3	OFF	0.000000 V 	0.000000 A
.u100	OFF	0.000000 V 	0.000000 A
.u101	OFF	0.000000 V 	0.000000 A
.u102	OFF	0.000000 V 	0.000000 A
.u103	OFF	0.000000 V 	0.000000 A
.u104	OFF	0.000000 V 	0.000000 A
.u105	OFF	0.000000 V 	0.000000 A
.u106	OFF	0.000000 V 	0.000000 A
.u107	OFF	0.000000 V 	0.000000 A
.u200	OFF	0.000000 V 	0.000000 A
.u201	OFF	0.000000 V 	0.000000 A
.u202	OFF	0.000000 V 	0.000000 A
.u203	OFF	0.000000 V 	0.000000 A
.u204	OFF	0.000000 V 	0.000000 A
.u205	OFF	0.000000 V 	0.000000 A
.u206	OFF	0.000000 V 	0.000000 A
.u207	OFF	0.000000 V 	0.000000 A
2023-07-20 11:43:00.955503
.u0	ILOCK	0.000000 V 	0.000000 A
.u1	ILOCK	0.000000 V 	0.000000 A
.u2	OFF	0.000000 V 	0.000000 A
.u3	OFF	0.000000 V 	0.000000 A
.u100	OFF	0.000000 V 	0.000000 A
.u101	OFF	0.000000 V 	0.000000 A
.u102	OFF	0.000000 V 	0.000000 A
.u103	OFF	0.000000 V 	0.000000 A
.u104	OFF	0.000000 V 	0.000000 A
.u105	OFF	0.000000 V 	0.000000 A
.u106	OFF	0.000000 V 	0.000000 A
.u107	OFF	0.000000 V 	0.000000 A
.u200	OFF	0.000000 V 	0.000000 A
.u201	OFF	0.000000 V 	0.000000 A
.u202	OFF	0.000000 V 	0.000000 A
.u203	OFF	0.000000 V 	0.000000 A
.u204	OFF	0.000000 V 	0.000000 A
.u205	OFF	0.000000 V 	0.000000 A
.u206	OFF	0.000000 V 	0.000000 A
.u207	OFF	0.000000 V 	0.000000 A
2023-07-20 12:00:05.583501
.u0	ILOCK	0.000000 V 	0.000000 A
.u1	ILOCK	0.000000 V 	0.000000 A
.u2	OFF	0.000000 V 	0.000000 A
.u3	OFF	0.000000 V 	0.000000 A
.u100	OFF	0.000000 V 	0.000000 A
.u101	OFF	0.000000 V 	0.000000 A
.u102	OFF	0.000000 V 	0.000000 A
.u103	OFF	0.000000 V 	0.000000 A
.u104	OFF	0.000000 V 	0.000000 A
.u105	OFF	0.000000 V 	0.000000 A
.u106	OFF	0.000000 V 	0.000000 A
.u107	OFF	0.000000 V 	0.000000 A
.u200	OFF	0.000000 V 	0.000000 A
.u201	OFF	0.000000 V 	0.000000 A
.u202	OFF	0.000000 V 	0.000000 A
.u203	OFF	0.000000 V 	0.000000 A
.u204	OFF	0.000000 V 	0.000000 A
.u205	OFF	0.000000 V 	0.000000 A
.u206	OFF	0.000000 V 	0.000000 A
.u207	OFF	0.000000 V 	0.000000 A
2023-07-20 12:14:04.350485
.u0	ILOCK	0.000000 V 	0.000000 A
.u1	ILOCK	0.000000 V 	0.000000 A
.u2	OFF	0.000000 V 	0.000000 A
.u3	OFF	0.000000 V 	0.000000 A
.u100	OFF	0.000000 V 	0.000000 A
.u101	OFF	0.000000 V 	0.000000 A
.u102	OFF	0.000000 V 	0.000000 A
.u103	OFF	0.000000 V 	0.000000 A
.u104	OFF	0.000000 V 	0.000000 A
.u105	OFF	0.000000 V 	0.000000 A
.u106	OFF	0.000000 V 	0.000000 A
.u107	OFF	0.000000 V 	0.000000 A
.u200	OFF	0.000000 V 	0.000000 A
.u201	OFF	0.000000 V 	0.000000 A
.u202	OFF	0.000000 V 	0.000000 A
.u203	OFF	0.000000 V 	0.000000 A
.u204	OFF	0.000000 V 	0.000000 A
.u205	OFF	0.000000 V 	0.000000 A
.u206	OFF	0.000000 V 	0.000000 A
.u207	OFF	0.000000 V 	0.000000 A
2023-07-20 12:21:11.950350
.u0	ILOCK	0.000000 V 	0.000000 A
.u1	ILOCK	0.000000 V 	0.000000 A
.u2	OFF	0.000000 V 	0.000000 A
.u3	OFF	0.000000 V 	0.000000 A
.u100	OFF	0.000000 V 	0.000000 A
.u101	OFF	0.000000 V 	0.000000 A
.u102	OFF	0.000000 V 	0.000000 A
.u103	OFF	0.000000 V 	0.000000 A
.u104	OFF	0.000000 V 	0.000000 A
.u105	OFF	0.000000 V 	0.000000 A
.u106	OFF	0.000000 V 	0.000000 A
.u107	OFF	0.000000 V 	0.000000 A
.u200	OFF	0.000000 V 	0.000000 A
.u201	OFF	0.000000 V 	0.000000 A
.u202	OFF	0.000000 V 	0.000000 A
.u203	OFF	0.000000 V 	0.000000 A
.u204	OFF	0.000000 V 	0.000000 A
.u205	OFF	0.000000 V 	0.000000 A
.u206	OFF	0.000000 V 	0.000000 A
.u207	OFF	0.000000 V 	0.000000 A
2023-07-20 12:25:46.916519
.u0	ILOCK	0.000000 V 	0.000000 A
.u1	ILOCK	0.000000 V 	0.000000 A
.u2	OFF	0.000000 V 	0.000000 A
.u3	OFF	0.000000 V 	0.000000 A
.u100	OFF	0.000000 V 	0.000000 A
.u101	OFF	0.000000 V 	0.000000 A
.u102	OFF	0.000000 V 	0.000000 A
.u103	OFF	0.000000 V 	0.000000 A
.u104	OFF	0.000000 V 	0.000000 A
.u105	OFF	0.000000 V 	0.000000 A
.u106	OFF	0.000000 V 	0.000000 A
.u107	OFF	0.000000 V 	0.000000 A
.u200	OFF	0.000000 V 	0.000000 A
.u201	OFF	0.000000 V 	0.000000 A
.u202	OFF	0.000000 V 	0.000000 A
.u203	OFF	0.000000 V 	0.000000 A
.u204	OFF	0.000000 V 	0.000000 A
.u205	OFF	0.000000 V 	0.000000 A
.u206	OFF	0.000000 V 	0.000000 A
.u207	OFF	0.000000 V 	0.000000 A
2023-07-20 12:27:56.239684
.u0	ILOCK	0.000000 V 	0.000000 A
.u1	ILOCK	0.000000 V 	0.000000 A
.u2	OFF	0.000000 V 	0.000000 A
.u3	OFF	0.000000 V 	0.000000 A
.u100	OFF	0.000000 V 	0.000000 A
.u101	OFF	0.000000 V 	0.000000 A
.u102	OFF	0.000000 V 	0.000000 A
.u103	OFF	0.000000 V 	0.000000 A
.u104	OFF	0.000000 V 	0.000000 A
.u105	OFF	0.000000 V 	0.000000 A
.u106	OFF	0.000000 V 	0.000000 A
.u107	OFF	0.000000 V 	0.000000 A
.u200	OFF	0.000000 V 	0.000000 A
.u201	OFF	0.000000 V 	0.000000 A
.u202	OFF	0.000000 V 	0.000000 A
.u203	OFF	0.000000 V 	0.000000 A
.u204	OFF	0.000000 V 	0.000000 A
.u205	OFF	0.000000 V 	0.000000 A
.u206	OFF	0.000000 V 	0.000000 A
.u207	OFF	0.000000 V 	0.000000 A
2023-07-20 12:31:43.551770
.u0	ILOCK	0.000000 V 	0.000000 A
.u1	ILOCK	0.000000 V 	0.000000 A
.u2	OFF	0.000000 V 	0.000000 A
.u3	OFF	0.000000 V 	0.000000 A
.u100	OFF	0.000000 V 	0.000000 A
.u101	OFF	0.000000 V 	0.000000 A
.u102	OFF	0.000000 V 	0.000000 A
.u103	OFF	0.000000 V 	0.000000 A
.u104	OFF	0.000000 V 	0.000000 A
.u105	OFF	0.000000 V 	0.000000 A
.u106	OFF	0.000000 V 	0.000000 A
.u107	OFF	0.000000 V 	0.000000 A
.u200	OFF	0.000000 V 	0.000000 A
.u201	OFF	0.000000 V 	0.000000 A
.u202	OFF	0.000000 V 	0.000000 A
.u203	OFF	0.000000 V 	0.000000 A
.u204	OFF	0.000000 V 	0.000000 A
.u205	OFF	0.000000 V 	0.000000 A
.u206	OFF	0.000000 V 	0.000000 A
.u207	OFF	0.000000 V 	0.000000 A
2023-07-20 12:33:54.318387
.u0	ILOCK	0.000000 V 	0.000000 A
.u1	ILOCK	0.000000 V 	0.000000 A
.u2	OFF	0.000000 V 	0.000000 A
.u3	OFF	0.000000 V 	0.000000 A
.u100	OFF	0.000000 V 	0.000000 A
.u101	OFF	0.000000 V 	0.000000 A
.u102	OFF	0.000000 V 	0.000000 A
.u103	OFF	0.000000 V 	0.000000 A
.u104	OFF	0.000000 V 	0.000000 A
.u105	OFF	0.000000 V 	0.000000 A
.u106	OFF	0.000000 V 	0.000000 A
.u107	OFF	0.000000 V 	0.000000 A
.u200	OFF	0.000000 V 	0.000000 A
.u201	OFF	0.000000 V 	0.000000 A
.u202	OFF	0.000000 V 	0.000000 A
.u203	OFF	0.000000 V 	0.000000 A
.u204	OFF	0.000000 V 	0.000000 A
.u205	OFF	0.000000 V 	0.000000 A
.u206	OFF	0.000000 V 	0.000000 A
.u207	OFF	0.000000 V 	0.000000 A
2023-07-21 13:31:02.330961
.u0	ILOCK	0.000000 V 	0.000000 A
.u1	ILOCK	0.000000 V 	0.000000 A
.u2	OFF	0.000000 V 	0.000000 A
.u3	OFF	0.000000 V 	0.000000 A
.u100	OFF	0.000000 V 	0.000000 A
.u101	OFF	0.000000 V 	0.000000 A
.u102	OFF	0.000000 V 	0.000000 A
.u103	OFF	0.000000 V 	0.000000 A
.u104	OFF	0.000000 V 	0.000000 A
.u105	OFF	0.000000 V 	0.000000 A
.u106	OFF	0.000000 V 	0.000000 A
.u107	OFF	0.000000 V 	0.000000 A
.u200	OFF	0.000000 V 	0.000000 A
.u201	OFF	0.000000 V 	0.000000 A
.u202	OFF	0.000000 V 	0.000000 A
.u203	OFF	0.000000 V 	0.000000 A
.u204	OFF	0.000000 V 	0.000000 A
.u205	OFF	0.000000 V 	0.000000 A
.u206	OFF	0.000000 V 	0.000000 A
.u207	OFF	0.000000 V 	0.000000 A
2023-07-21 13:37:37.811162
.u0	ILOCK	0.000000 V 	0.000000 A
.u1	ILOCK	0.000000 V 	0.000000 A
.u2	OFF	0.000000 V 	0.000000 A
.u3	OFF	0.000000 V 	0.000000 A
.u100	OFF	0.000000 V 	0.000000 A
.u101	OFF	0.000000 V 	0.000000 A
.u102	OFF	0.000000 V 	0.000000 A
.u103	OFF	0.000000 V 	0.000000 A
.u104	OFF	0.000000 V 	0.000000 A
.u105	OFF	0.000000 V 	0.000000 A
.u106	OFF	0.000000 V 	0.000000 A
.u107	OFF	0.000000 V 	0.000000 A
.u200	OFF	0.000000 V 	0.000000 A
.u201	OFF	0.000000 V 	0.000000 A
.u202	OFF	0.000000 V 	0.000000 A
.u203	OFF	0.000000 V 	0.000000 A
.u204	OFF	0.000000 V 	0.000000 A
.u205	OFF	0.000000 V 	0.000000 A
.u206	OFF	0.000000 V 	0.000000 A
.u207	OFF	0.000000 V 	0.000000 A
2023-07-21 13:39:26.084648
.u0	ILOCK	0.000000 V 	0.000000 A
.u1	ILOCK	0.000000 V 	0.000000 A
.u2	OFF	0.000000 V 	0.000000 A
.u3	OFF	0.000000 V 	0.000000 A
.u100	OFF	0.000000 V 	0.000000 A
.u101	OFF	0.000000 V 	0.000000 A
.u102	OFF	0.000000 V 	0.000000 A
.u103	OFF	0.000000 V 	0.000000 A
.u104	OFF	0.000000 V 	0.000000 A
.u105	OFF	0.000000 V 	0.000000 A
.u106	OFF	0.000000 V 	0.000000 A
.u107	OFF	0.000000 V 	0.000000 A
.u200	OFF	0.000000 V 	0.000000 A
.u201	OFF	0.000000 V 	0.000000 A
.u202	OFF	0.000000 V 	0.000000 A
.u203	OFF	0.000000 V 	0.000000 A
.u204	OFF	0.000000 V 	0.000000 A
.u205	OFF	0.000000 V 	0.000000 A
.u206	OFF	0.000000 V 	0.000000 A
.u207	OFF	0.000000 V 	0.000000 A
2023-07-21 15:34:49.762849
.u0	['WIENER-CRATE-MIB::outputStatus.u0 = No Such Instance currently exists at this OID', '']	0.000000 V 	0.000000 A
.u1	ILOCK	0.000000 V 	0.000000 A
.u2	OFF	0.000000 V 	0.000000 A
.u3	OFF	0.000000 V 	0.000000 A
.u100	OFF	0.000000 V 	0.000000 A
.u101	OFF	0.000000 V 	0.000000 A
.u102	OFF	0.000000 V 	0.000000 A
.u103	OFF	0.000000 V 	0.000000 A
.u104	OFF	0.000000 V 	0.000000 A
.u105	OFF	0.000000 V 	0.000000 A
.u106	OFF	0.000000 V 	0.000000 A
.u107	OFF	0.000000 V 	0.000000 A
.u200	OFF	0.000000 V 	0.000000 A
.u201	OFF	0.000000 V 	0.000000 A
.u202	OFF	0.000000 V 	0.000000 A
.u203	OFF	0.000000 V 	0.000000 A
.u204	OFF	0.000000 V 	0.000000 A
.u205	OFF	0.000000 V 	0.000000 A
.u206	OFF	0.000000 V 	0.000000 A
.u207	OFF	0.000000 V 	0.000000 A
2023-07-21 19:48:23.649356
.u0	ILOCK	0.000000 V 	0.000000 A
.u1	ILOCK	0.000000 V 	0.000000 A
.u2	OFF	0.000000 V 	0.000000 A
.u3	OFF	0.000000 V 	0.000000 A
.u100	OFF	0.000000 V 	0.000000 A
.u101	OFF	0.000000 V 	0.000000 A
.u102	OFF	0.000000 V 	0.000000 A
.u103	OFF	0.000000 V 	0.000000 A
.u104	OFF	0.000000 V 	0.000000 A
.u105	OFF	0.000000 V 	0.000000 A
.u106	OFF	0.000000 V 	0.000000 A
.u107	OFF	0.000000 V 	0.000000 A
.u200	OFF	0.000000 V 	0.000000 A
.u201	OFF	0.000000 V 	0.000000 A
.u202	OFF	0.000000 V 	0.000000 A
.u203	OFF	0.000000 V 	0.000000 A
.u204	OFF	0.000000 V 	0.000000 A
.u205	OFF	0.000000 V 	0.000000 A
.u206	OFF	0.000000 V 	0.000000 A
.u207	OFF	0.000000 V 	0.000000 A
2023-07-21 19:48:45.534731
.u0	ILOCK	0.000000 V 	0.000000 A
.u1	ILOCK	0.000000 V 	0.000000 A
.u2	OFF	0.000000 V 	0.000000 A
.u3	OFF	0.000000 V 	0.000000 A
.u100	OFF	0.000000 V 	0.000000 A
.u101	OFF	0.000000 V 	0.000000 A
.u102	OFF	0.000000 V 	0.000000 A
.u103	OFF	0.000000 V 	0.000000 A
.u104	OFF	0.000000 V 	0.000000 A
.u105	OFF	0.000000 V 	0.000000 A
.u106	OFF	0.000000 V 	0.000000 A
.u107	OFF	0.000000 V 	0.000000 A
.u200	OFF	0.000000 V 	0.000000 A
.u201	OFF	0.000000 V 	0.000000 A
.u202	OFF	0.000000 V 	0.000000 A
.u203	OFF	0.000000 V 	0.000000 A
.u204	OFF	0.000000 V 	0.000000 A
.u205	OFF	0.000000 V 	0.000000 A
.u206	OFF	0.000000 V 	0.000000 A
.u207	OFF	0.000000 V 	0.000000 A
2023-07-21 22:36:17.990004
.u0	ILOCK	0.000000 V 	0.000000 A
.u1	ILOCK	0.000000 V 	0.000000 A
.u2	OFF	0.000000 V 	0.000000 A
.u3	OFF	0.000000 V 	0.000000 A
.u100	OFF	0.000000 V 	0.000000 A
.u101	OFF	0.000000 V 	0.000000 A
.u102	OFF	0.000000 V 	0.000000 A
.u103	OFF	0.000000 V 	0.000000 A
.u104	OFF	0.000000 V 	0.000000 A
.u105	OFF	0.000000 V 	0.000000 A
.u106	OFF	0.000000 V 	0.000000 A
.u107	OFF	0.000000 V 	0.000000 A
.u200	OFF	0.000000 V 	0.000000 A
.u201	OFF	0.000000 V 	0.000000 A
.u202	OFF	0.000000 V 	0.000000 A
.u203	OFF	0.000000 V 	0.000000 A
.u204	OFF	0.000000 V 	0.000000 A
.u205	OFF	0.000000 V 	0.000000 A
.u206	OFF	0.000000 V 	0.000000 A
.u207	OFF	0.000000 V 	0.000000 A
2023-07-21 22:37:25.168640
.u0	ILOCK	0.000000 V 	0.000000 A
.u1	ILOCK	0.000000 V 	0.000000 A
.u2	OFF	0.000000 V 	0.000000 A
.u3	OFF	0.000000 V 	0.000000 A
.u100	OFF	0.000000 V 	0.000000 A
.u101	OFF	0.000000 V 	0.000000 A
.u102	OFF	0.000000 V 	0.000000 A
.u103	OFF	0.000000 V 	0.000000 A
.u104	OFF	0.000000 V 	0.000000 A
.u105	OFF	0.000000 V 	0.000000 A
.u106	OFF	0.000000 V 	0.000000 A
.u107	OFF	0.000000 V 	0.000000 A
.u200	OFF	0.000000 V 	0.000000 A
.u201	OFF	0.000000 V 	0.000000 A
.u202	OFF	0.000000 V 	0.000000 A
.u203	OFF	0.000000 V 	0.000000 A
.u204	OFF	0.000000 V 	0.000000 A
.u205	OFF	0.000000 V 	0.000000 A
.u206	OFF	0.000000 V 	0.000000 A
.u207	OFF	0.000000 V 	0.000000 A
2023-07-22 15:21:25.602552
.u0	ILOCK	0.000000 V 	0.000000 A
.u1	ILOCK	0.000000 V 	0.000000 A
.u2	OFF	0.000000 V 	0.000000 A
.u3	OFF	0.000000 V 	0.000000 A
.u100	OFF	0.000000 V 	0.000000 A
.u101	OFF	0.000000 V 	0.000000 A
.u102	OFF	0.000000 V 	0.000000 A
.u103	OFF	0.000000 V 	0.000000 A
.u104	OFF	0.000000 V 	0.000000 A
.u105	OFF	0.000000 V 	0.000000 A
.u106	OFF	0.000000 V 	0.000000 A
.u107	OFF	0.000000 V 	0.000000 A
.u200	OFF	0.000000 V 	0.000000 A
.u201	OFF	0.000000 V 	0.000000 A
.u202	OFF	0.000000 V 	0.000000 A
.u203	OFF	0.000000 V 	0.000000 A
.u204	OFF	0.000000 V 	0.000000 A
.u205	OFF	0.000000 V 	0.000000 A
.u206	OFF	0.000000 V 	0.000000 A
.u207	OFF	0.000000 V 	0.000000 A
2023-07-22 15:54:06.603749
.u0	ILOCK	0.000000 V 	0.000000 A
.u1	ILOCK	0.000000 V 	0.000000 A
.u2	OFF	0.000000 V 	0.000000 A
.u3	OFF	0.000000 V 	0.000000 A
.u100	OFF	0.000000 V 	0.000000 A
.u101	OFF	0.000000 V 	0.000000 A
.u102	OFF	0.000000 V 	0.000000 A
.u103	OFF	0.000000 V 	0.000000 A
.u104	OFF	0.000000 V 	0.000000 A
.u105	OFF	0.000000 V 	0.000000 A
.u106	OFF	0.000000 V 	0.000000 A
.u107	OFF	0.000000 V 	0.000000 A
.u200	ON	5.003906 V 	-0.004395 A
.u201	ON	4.999512 V 	-0.014160 A
.u202	ON	5.002930 V 	0.049316 A
.u203	ON	4.994629 V 	0.004883 A
.u204	OFF	0.000000 V 	0.000000 A
.u205	OFF	0.000000 V 	0.000000 A
.u206	OFF	0.000000 V 	0.000000 A
.u207	OFF	0.000000 V 	0.000000 A
2023-07-22 15:54:43.136199
.u0	ILOCK	0.000000 V 	0.000000 A
.u1	ILOCK	0.000000 V 	0.000000 A
.u2	OFF	0.000000 V 	0.000000 A
.u3	OFF	0.000000 V 	0.000000 A
.u100	OFF	0.000000 V 	0.000000 A
.u101	OFF	0.000000 V 	0.000000 A
.u102	OFF	0.000000 V 	0.000000 A
.u103	OFF	0.000000 V 	0.000000 A
.u104	OFF	0.000000 V 	0.000000 A
.u105	OFF	0.000000 V 	0.000000 A
.u106	OFF	0.000000 V 	0.000000 A
.u107	OFF	0.000000 V 	0.000000 A
.u200	ON	5.003906 V 	-0.004395 A
.u201	ON	4.999512 V 	-0.014160 A
.u202	ON	5.002930 V 	0.051758 A
.u203	ON	4.994629 V 	0.004883 A
.u204	OFF	0.000000 V 	0.000000 A
.u205	OFF	0.000000 V 	0.000000 A
.u206	OFF	0.000000 V 	0.000000 A
.u207	OFF	0.000000 V 	0.000000 A
2023-07-22 15:55:00.407862
.u0	ILOCK	0.000000 V 	0.000000 A
.u1	ILOCK	0.000000 V 	0.000000 A
.u2	OFF	0.000000 V 	0.000000 A
.u3	OFF	0.000000 V 	0.000000 A
.u100	OFF	0.000000 V 	0.000000 A
.u101	OFF	0.000000 V 	0.000000 A
.u102	OFF	0.000000 V 	0.000000 A
.u103	OFF	0.000000 V 	0.000000 A
.u104	OFF	0.000000 V 	0.000000 A
.u105	OFF	0.000000 V 	0.000000 A
.u106	OFF	0.000000 V 	0.000000 A
.u107	OFF	0.000000 V 	0.000000 A
.u200	OFF	0.000000 V 	0.000000 A
.u201	OFF	0.000000 V 	0.000000 A
.u202	OFF	0.000000 V 	0.000000 A
.u203	OFF	0.000000 V 	0.000000 A
.u204	OFF	0.000000 V 	0.000000 A
.u205	OFF	0.000000 V 	0.000000 A
.u206	OFF	0.000000 V 	0.000000 A
.u207	OFF	0.000000 V 	0.000000 A
