2023-07-17 14:13:20.927686
Module 1	False	-0.01 V	0.0001 I
2023-07-17 14:13:42.032095
Module 1	False	-0.01 V	0.0001 I
2023-07-17 14:14:08.610867
Module 1	False	0.0 V	0.0001 I
2023-07-17 14:14:35.423989
ENTERING FAILURE MODE!
2023-07-17 14:16:57.326735
Module 1	True	2.0 V	0.0001 I
2023-07-17 14:17:15.242145
Module 1	True	3.0 V	0.0001 I
2023-07-17 14:17:21.267922
Module 1	True	4.01 V	0.0001 I
2023-07-17 14:17:25.612052
ENTERING FAILURE MODE!
2023-07-17 14:17:59.959658
Module 1	True	4.01 V	0.0001 I
2023-07-17 14:18:10.949720
Module 1	True	4.01 V	0.0001 I
2023-07-17 14:18:39.057883
Module 1	False	0.0 V	0.0001 I
2023-07-24 15:44:44.302175
2023-07-24 15:44:52.113906
2023-07-24 15:45:48.447371
Module 0	False	4.24 V	-0.0037 I
2023-07-24 15:46:15.171416
Module 0	True	4.24 V	-0.0038 I
2023-07-24 15:46:21.207356
Module 0	True	4.24 V	-0.0038 I
2023-07-24 15:46:27.246437
Module 0	True	4.25 V	-0.0037 I
2023-07-24 15:46:33.286408
Module 0	True	4.25 V	-0.0038 I
2023-07-24 15:46:39.326426
Module 0	True	5.01 V	0.0033 I
2023-07-24 15:46:44.575415
Module 0	True	6.02 V	0.0034 I
2023-07-24 15:46:52.622471
Module 0	True	12.03 V	0.0035 I
2023-07-24 15:46:58.658537
Module 0	True	18.03 V	0.0036 I
2023-07-24 15:47:04.698523
Module 0	True	24.03 V	0.0037 I
2023-07-24 15:47:10.743480
Module 0	True	30.04 V	0.0037 I
2023-07-24 15:47:16.781256
Module 0	True	36.04 V	0.0038 I
2023-07-24 15:47:22.821034
Module 0	True	42.05 V	0.0038 I
2023-07-24 15:47:28.857300
Module 0	True	48.05 V	0.0039 I
2023-07-24 15:47:33.901157
Module 0	True	54.06 V	0.004 I
2023-07-24 15:47:39.937145
Module 0	True	60.07 V	0.004 I
2023-07-24 15:47:45.974394
Module 0	True	66.07 V	0.0041 I
2023-07-24 15:47:52.013225
Module 0	True	72.08 V	0.0041 I
2023-07-24 15:47:58.049458
Module 0	True	78.08 V	0.0042 I
2023-07-24 15:48:04.085173
Module 0	True	84.09 V	0.0043 I
2023-07-24 15:48:10.124838
Module 0	True	90.1 V	0.0043 I
2023-07-24 15:48:16.161353
Module 0	True	96.1 V	0.0044 I
2023-07-24 15:48:24.201578
Module 0	True	100.11 V	0.0044 I
2023-07-24 16:08:04.669155
Module 0	True	100.11 V	0.0044 I
2023-07-24 16:08:18.394363
Module 0	True	100.11 V	0.0044 I
2023-07-27 15:05:34.178684
2023-07-28 14:57:18.415328
Module 0	True	4.23 V	-0.0038 I
2023-07-28 14:57:47.711229
Module 0	True	4.23 V	-0.0038 I
2023-07-28 14:57:53.747453
Module 0	True	4.24 V	-0.0038 I
2023-07-28 14:57:59.783275
Module 0	True	4.23 V	-0.0038 I
2023-07-28 14:58:05.819091
Module 0	True	4.23 V	-0.0038 I
2023-07-28 14:58:11.857617
Module 0	True	5.01 V	0.0033 I
2023-07-28 14:58:17.899323
Module 0	True	6.01 V	0.0034 I
2023-07-28 14:58:25.943434
Module 0	True	12.02 V	0.0035 I
2023-07-28 14:58:31.979515
Module 0	True	18.03 V	0.0036 I
2023-07-28 14:58:38.015424
Module 0	True	24.03 V	0.0036 I
2023-07-28 14:58:44.051469
Module 0	True	30.05 V	0.0037 I
2023-07-28 14:58:50.091569
Module 0	True	36.04 V	0.0038 I
2023-07-28 14:58:56.127339
Module 0	True	42.05 V	0.0038 I
2023-07-28 14:59:02.163679
Module 0	True	48.05 V	0.0039 I
2023-07-28 14:59:08.199280
Module 0	True	54.06 V	0.004 I
2023-07-28 14:59:14.239679
Module 0	True	60.07 V	0.004 I
2023-07-28 14:59:20.275478
Module 0	True	66.07 V	0.0041 I
2023-07-28 14:59:26.311591
Module 0	True	72.08 V	0.0041 I
2023-07-28 14:59:32.347235
Module 0	True	78.08 V	0.0042 I
2023-07-28 14:59:38.391612
Module 0	True	84.09 V	0.0043 I
2023-07-28 14:59:43.835189
Module 0	True	90.1 V	0.0043 I
2023-07-28 14:59:49.875669
Module 0	True	96.11 V	0.0044 I
2023-07-28 14:59:57.919786
Module 0	True	100.12 V	0.0044 I
2023-07-28 15:20:56.439223
Module 0	True	100.11 V	0.0044 I
2023-07-28 15:21:13.818131
Module 0	False	4.25 V	-0.0032 I
2023-07-28 15:45:42.858616
Module 0	False	4.24 V	-0.0038 I
2023-07-28 15:45:52.366017
Module 0	True	100.11 V	0.0044 I
2023-07-28 16:05:43.244613
Module 0	True	100.12 V	0.0044 I
2023-07-28 16:05:52.811965
Module 0	False	4.26 V	-0.0032 I
2023-07-28 16:14:59.708508
Module 0	False	4.23 V	-0.0038 I
2023-07-28 16:15:09.467772
Module 0	True	100.11 V	0.0044 I
2023-07-28 16:25:19.366183
Module 0	True	100.11 V	0.0044 I
2023-07-28 16:25:29.940257
Module 0	False	4.25 V	-0.0032 I
2023-07-28 16:33:47.119150
Module 0	False	4.24 V	-0.0038 I
2023-07-28 16:33:56.343945
Module 0	True	100.11 V	0.0044 I
2023-07-28 16:42:46.561948
Module 0	True	100.11 V	0.0044 I
2023-07-28 16:43:04.820064
Module 0	False	4.25 V	-0.0032 I
2023-07-28 16:53:01.972558
Module 0	False	4.23 V	-0.0038 I
2023-07-28 16:53:26.245668
Module 0	False	4.23 V	-0.0038 I
2023-07-28 16:53:35.913747
Module 0	True	100.11 V	0.0044 I
2023-07-28 17:00:56.302837
Module 0	True	100.11 V	0.0044 I
2023-07-28 17:01:05.430299
Module 0	False	4.26 V	-0.0032 I
2023-07-28 17:10:52.784965
Module 0	False	4.24 V	-0.0038 I
2023-07-28 17:11:07.268132
Module 0	True	100.11 V	0.0045 I
2023-07-28 17:17:14.663031
Module 0	True	100.12 V	0.0044 I
2023-07-28 17:17:30.988140
Module 0	False	4.25 V	-0.0032 I
2023-07-28 17:45:33.600465
Module 0	False	4.23 V	-0.0038 I
2023-07-28 17:45:45.964191
Module 0	True	100.1 V	0.0044 I
2023-07-28 17:56:29.215985
Module 0	True	100.12 V	0.0045 I
2023-07-28 17:56:37.365885
Module 0	False	4.26 V	-0.0032 I
2023-07-28 18:09:04.922595
Module 0	False	4.23 V	-0.0038 I
2023-07-28 18:09:17.008315
Module 0	True	100.11 V	0.0044 I
2023-07-28 18:18:28.770886
Module 0	True	100.11 V	0.0044 I
2023-07-28 18:18:40.992313
Module 0	False	4.25 V	-0.0032 I
2023-07-28 18:28:52.019162
Module 0	False	4.24 V	-0.0038 I
2023-07-28 18:29:02.663961
Module 0	True	100.11 V	0.0044 I
2023-07-28 18:34:39.284138
Module 0	True	100.11 V	0.0044 I
2023-07-28 18:34:51.031828
Module 0	False	4.25 V	-0.0032 I
2023-07-28 18:46:04.645315
Module 0	False	4.23 V	-0.0038 I
2023-07-28 18:46:14.653039
Module 0	False	4.23 V	-0.0038 I
2023-07-28 18:47:22.168271
Module 0	False	4.23 V	-0.0038 I
2023-07-28 18:47:30.308611
Module 0	False	4.24 V	-0.0038 I
2023-07-28 18:47:48.406022
Module 0	False	0.0 V	0.0 I
2023-07-31 11:39:13.664371
2023-07-31 11:45:03.874264
2023-07-31 11:53:19.891979
2023-08-02 12:57:43.577025
Module 0	False	4.24 V	-0.0033 I
2023-08-02 12:58:03.295291
Module 0	True	4.23 V	-0.0036 I
2023-08-02 12:58:09.331386
Module 0	True	4.23 V	-0.0037 I
2023-08-02 12:58:15.367549
Module 0	True	4.23 V	-0.0037 I
2023-08-02 12:58:21.403294
Module 0	True	4.23 V	-0.0037 I
2023-08-02 12:58:27.439455
Module 0	True	5.02 V	0.0033 I
2023-08-02 12:58:33.475173
Module 0	True	6.01 V	0.0034 I
2023-08-02 12:58:41.519419
Module 0	True	12.02 V	0.0035 I
2023-08-02 12:58:47.555295
Module 0	True	18.03 V	0.0036 I
2023-08-02 12:58:53.591336
Module 0	True	24.03 V	0.0037 I
2023-08-02 12:58:59.627461
Module 0	True	30.04 V	0.0037 I
2023-08-02 12:59:05.663362
Module 0	True	36.04 V	0.0038 I
2023-08-02 12:59:11.699458
Module 0	True	42.05 V	0.0038 I
2023-08-02 12:59:17.735473
Module 0	True	48.05 V	0.0039 I
2023-08-02 12:59:23.775238
Module 0	True	54.06 V	0.004 I
2023-08-02 12:59:29.811674
Module 0	True	60.06 V	0.004 I
2023-08-02 12:59:35.847558
Module 0	True	66.07 V	0.0041 I
2023-08-02 12:59:41.883681
Module 0	True	72.08 V	0.0042 I
2023-08-02 12:59:47.919455
Module 0	True	78.09 V	0.0042 I
2023-08-02 12:59:53.955228
Module 0	True	84.09 V	0.0043 I
2023-08-02 12:59:59.991307
Module 0	True	90.1 V	0.0043 I
2023-08-02 13:00:06.027390
Module 0	True	96.11 V	0.0044 I
2023-08-02 13:00:14.071896
Module 0	True	100.11 V	0.0044 I
2023-08-02 13:10:26.485165
Module 0	True	100.1 V	0.0044 I
2023-08-02 13:10:38.024272
Module 0	False	4.26 V	-0.0032 I
2023-08-02 14:11:39.494587
Module 0	False	4.23 V	-0.0038 I
2023-08-02 14:28:54.276156
Module 0	False	4.23 V	-0.0038 I
2023-08-02 14:29:11.275778
Module 0	True	100.11 V	0.0044 I
2023-08-02 14:37:22.312159
Module 0	True	100.12 V	0.0044 I
2023-08-02 14:37:32.134295
Module 0	False	4.25 V	-0.0032 I
2023-08-02 14:47:21.544900
Module 0	False	4.23 V	-0.0038 I
2023-08-02 14:47:32.672041
Module 0	True	100.11 V	0.0044 I
2023-08-02 15:03:33.230764
Module 0	True	100.1 V	0.0044 I
2023-08-02 15:03:44.020322
Module 0	False	4.24 V	-0.0032 I
2023-08-02 15:11:02.124603
Module 0	False	4.22 V	-0.0038 I
2023-08-02 15:11:12.806271
Module 0	True	100.1 V	0.0044 I
2023-08-02 15:20:33.031607
Module 0	True	100.1 V	0.0044 I
2023-08-02 15:20:43.847826
Module 0	False	4.24 V	-0.0032 I
2023-08-02 15:29:12.600013
Module 0	False	4.23 V	-0.0038 I
2023-08-02 15:29:30.140208
Module 0	True	100.11 V	0.0044 I
2023-08-02 15:35:50.931015
Module 0	True	100.11 V	0.0044 I
2023-08-02 15:35:59.982194
Module 0	False	4.25 V	-0.0032 I
2023-08-02 16:42:39.316946
Module 0	False	0.0 V	0.0 I
2023-08-02 16:42:51.850303
Module 0	False	0.0 V	0.0 I
2023-08-02 16:42:59.890400
Module 0	False	0.0 V	0.0 I
2023-08-24 11:17:21.254667
2023-08-24 11:50:11.824159
2023-08-24 13:04:27.150319
2023-08-24 13:22:15.911834
2023-08-24 13:24:35.097288
2023-08-24 13:34:19.488512
2023-08-24 13:53:10.053282
